#
# There is insufficient memory for the Java Runtime Environment to continue.
# Native memory allocation (mmap) failed to map 67108864 bytes for G1 virtual space
# Possible reasons:
#   The system is out of physical RAM or swap space
#   The process is running with CompressedOops enabled, and the Java Heap may be blocking the growth of the native heap
# Possible solutions:
#   Reduce memory load on the system
#   Increase physical memory or swap space
#   Check if swap backing store is full
#   Decrease Java heap size (-Xmx/-Xms)
#   Decrease number of Java threads
#   Decrease Java thread stack sizes (-Xss)
#   Set larger code cache with -XX:ReservedCodeCacheSize=
#   JVM is running with Unscaled Compressed Oops mode in which the Java heap is
#     placed in the first 4GB address space. The Java Heap base address is the
#     maximum limit for the native heap growth. Please use -XX:HeapBaseMinAddress
#     to set the Java Heap base and to place the Java Heap above 4GB virtual address.
# This output file may be truncated or incomplete.
#
#  Out of Memory Error (os_windows.cpp:3466), pid=17576, tid=15936
#
# JRE version:  (16.0+36) (build )
# Java VM: Java HotSpot(TM) 64-Bit Server VM (16+36-2231, mixed mode, sharing, tiered, compressed oops, g1 gc, windows-amd64)
# No core dump will be written. Minidumps are not enabled by default on client versions of Windows
#

---------------  S U M M A R Y ------------

Command Line: -Xmx64m -Xms64m -javaagent:C:\gradle-8.1/lib/agents/gradle-instrumentation-agent-8.1.jar -Dorg.gradle.appname=gradle org.gradle.launcher.GradleMain build

Host: Intel(R) Core(TM) i3-7020U CPU @ 2.30GHz, 4 cores, 3G,  Windows 10 , 64 bit Build 19041 (10.0.19041.3155)
Time: Wed Aug  9 18:23:29 2023 India Standard Time elapsed time: 0.152161 seconds (0d 0h 0m 0s)

---------------  T H R E A D  ---------------

Current thread (0x000001fc822dae70):  JavaThread "Unknown thread" [_thread_in_vm, id=15936, stack(0x000000d44df00000,0x000000d44e000000)]

Stack: [0x000000d44df00000,0x000000d44e000000]
Native frames: (J=compiled Java code, j=interpreted, Vv=VM code, C=native code)
V  [jvm.dll+0x6681da]
V  [jvm.dll+0x7c9d99]
V  [jvm.dll+0x7cb4d3]
V  [jvm.dll+0x7cbb33]
V  [jvm.dll+0x242ee5]
V  [jvm.dll+0x664f99]
V  [jvm.dll+0x659b85]
V  [jvm.dll+0x2fbfcb]
V  [jvm.dll+0x3031c6]
V  [jvm.dll+0x352a0e]
V  [jvm.dll+0x352c3f]
V  [jvm.dll+0x2d3038]
V  [jvm.dll+0x2d4274]
V  [jvm.dll+0x79c691]
V  [jvm.dll+0x3607b1]
V  [jvm.dll+0x77a370]
V  [jvm.dll+0x3e501f]
V  [jvm.dll+0x3e6af1]
C  [jli.dll+0x52fb]
C  [ucrtbase.dll+0x21bb2]
C  [KERNEL32.DLL+0x17614]
C  [ntdll.dll+0x526b1]


---------------  P R O C E S S  ---------------

Threads class SMR info:
_java_thread_list=0x00007ffbb18ecbb8, length=0, elements={
}

Java Threads: ( => current thread )

Other Threads:
  0x000001fc822fa2b0 GCTaskThread "GC Thread#0" [stack: 0x000000d44e000000,0x000000d44e100000] [id=11072]
  0x000001fc822fcb10 ConcurrentGCThread "G1 Main Marker" [stack: 0x000000d44e100000,0x000000d44e200000] [id=8028]
  0x000001fc822fd510 ConcurrentGCThread "G1 Conc#0" [stack: 0x000000d44e200000,0x000000d44e300000] [id=10556]

[error occurred during error reporting (printing all threads), id 0xc0000005, EXCEPTION_ACCESS_VIOLATION (0xc0000005) at pc=0x00007ffbb10c3ef7]

VM state: not at safepoint (not fully initialized)

VM Mutex/Monitor currently owned by a thread:  ([mutex/lock_event])
[0x000001fc822d6f90] Heap_lock - owner thread: 0x000001fc822dae70

Heap address: 0x00000000fc000000, size: 64 MB, Compressed Oops mode: 32-bit
CDS archive(s) mapped at: [0x0000000000000000-0x0000000000000000-0x0000000000000000), size 0, SharedBaseAddress: 0x0000000800000000, ArchiveRelocationMode: 0.
Narrow klass base: 0x0000000000000000, Narrow klass shift: 0, Narrow klass range: 0x0

GC Precious Log:
<Empty>

Heap:
 garbage-first heap   total 0K, used 0K [0x00000000fc000000, 0x0000000100000000)
  region size 1024K, 0 young (0K), 0 survivors (0K)

[error occurred during error reporting (printing heap information), id 0xc0000005, EXCEPTION_ACCESS_VIOLATION (0xc0000005) at pc=0x00007ffbb14a1edd]

GC Heap History (0 events):
No events

Deoptimization events (0 events):
No events

Classes unloaded (0 events):
No events

Classes redefined (0 events):
No events

Internal exceptions (0 events):
No events

Events (1 events):
Event: 0.022 Loaded shared library C:\Program Files\Java\jdk-16\bin\java.dll


Dynamic libraries:
0x00007ff6212f0000 - 0x00007ff621300000 	C:\Program Files\Java\jdk-16\bin\java.exe
0x00007ffc40db0000 - 0x00007ffc40fa8000 	C:\WINDOWS\SYSTEM32\ntdll.dll
0x00007ffc40c00000 - 0x00007ffc40cbf000 	C:\WINDOWS\System32\KERNEL32.DLL
0x00007ffc3e6b0000 - 0x00007ffc3e9a6000 	C:\WINDOWS\System32\KERNELBASE.dll
0x00007ffc3ed10000 - 0x00007ffc3ee10000 	C:\WINDOWS\System32\ucrtbase.dll
0x00007ffc1f1a0000 - 0x00007ffc1f1b8000 	C:\Program Files\Java\jdk-16\bin\jli.dll
0x00007ffc40390000 - 0x00007ffc4043f000 	C:\WINDOWS\System32\ADVAPI32.dll
0x00007ffc3f2e0000 - 0x00007ffc3f37e000 	C:\WINDOWS\System32\msvcrt.dll
0x00007ffc3f240000 - 0x00007ffc3f2dc000 	C:\WINDOWS\System32\sechost.dll
0x00007ffc3f460000 - 0x00007ffc3f586000 	C:\WINDOWS\System32\RPCRT4.dll
0x00007ffc401f0000 - 0x00007ffc4038d000 	C:\WINDOWS\System32\USER32.dll
0x00007ffc3e490000 - 0x00007ffc3e4b2000 	C:\WINDOWS\System32\win32u.dll
0x00007ffc40cc0000 - 0x00007ffc40cec000 	C:\WINDOWS\System32\GDI32.dll
0x00007ffc3e4f0000 - 0x00007ffc3e605000 	C:\WINDOWS\System32\gdi32full.dll
0x00007ffc3e610000 - 0x00007ffc3e6ad000 	C:\WINDOWS\System32\msvcp_win.dll
0x00007ffc1f3c0000 - 0x00007ffc1f3d9000 	C:\Program Files\Java\jdk-16\bin\VCRUNTIME140.dll
0x00007ffc26020000 - 0x00007ffc262ba000 	C:\WINDOWS\WinSxS\amd64_microsoft.windows.common-controls_6595b64144ccf1df_6.0.19041.1110_none_60b5254171f9507e\COMCTL32.dll
0x00007ffc36440000 - 0x00007ffc3644a000 	C:\WINDOWS\SYSTEM32\VERSION.dll
0x00007ffc40a20000 - 0x00007ffc40a50000 	C:\WINDOWS\System32\IMM32.DLL
0x00007ffc37fb0000 - 0x00007ffc37fbc000 	C:\Program Files\Java\jdk-16\bin\vcruntime140_1.dll
0x00007ffbfa4a0000 - 0x00007ffbfa531000 	C:\Program Files\Java\jdk-16\bin\msvcp140.dll
0x00007ffbb0de0000 - 0x00007ffbb198b000 	C:\Program Files\Java\jdk-16\bin\server\jvm.dll
0x00007ffc3f720000 - 0x00007ffc3f728000 	C:\WINDOWS\System32\PSAPI.DLL
0x00007ffc1cc00000 - 0x00007ffc1cc09000 	C:\WINDOWS\SYSTEM32\WSOCK32.dll
0x00007ffc3f590000 - 0x00007ffc3f5fb000 	C:\WINDOWS\System32\WS2_32.dll
0x00007ffc1d480000 - 0x00007ffc1d4a7000 	C:\WINDOWS\SYSTEM32\WINMM.dll
0x00007ffc3ccd0000 - 0x00007ffc3cce2000 	C:\WINDOWS\SYSTEM32\kernel.appcore.dll
0x00007ffc37d90000 - 0x00007ffc37d9a000 	C:\Program Files\Java\jdk-16\bin\jimage.dll
0x00007ffc3c9f0000 - 0x00007ffc3cbd4000 	C:\WINDOWS\SYSTEM32\DBGHELP.DLL
0x00007ffc27920000 - 0x00007ffc27954000 	C:\WINDOWS\SYSTEM32\dbgcore.DLL
0x00007ffc3ec80000 - 0x00007ffc3ed02000 	C:\WINDOWS\System32\bcryptPrimitives.dll
0x00007ffc1ef60000 - 0x00007ffc1ef6e000 	C:\Program Files\Java\jdk-16\bin\instrument.dll
0x00007ffc17f60000 - 0x00007ffc17f85000 	C:\Program Files\Java\jdk-16\bin\java.dll

dbghelp: loaded successfully - version: 4.0.5 - missing functions: none
symbol engine: initialized successfully - sym options: 0x614 - pdb path: .;C:\Program Files\Java\jdk-16\bin;C:\WINDOWS\SYSTEM32;C:\WINDOWS\WinSxS\amd64_microsoft.windows.common-controls_6595b64144ccf1df_6.0.19041.1110_none_60b5254171f9507e;C:\Program Files\Java\jdk-16\bin\server

VM Arguments:
jvm_args: -Xmx64m -Xms64m -javaagent:C:\gradle-8.1/lib/agents/gradle-instrumentation-agent-8.1.jar -Dorg.gradle.appname=gradle 
java_command: org.gradle.launcher.GradleMain build
java_class_path (initial): C:\gradle-8.1\lib\gradle-launcher-8.1.jar
Launcher Type: SUN_STANDARD

[Global flags]
     intx CICompilerCount                          = 3                                         {product} {ergonomic}
     uint ConcGCThreads                            = 1                                         {product} {ergonomic}
     uint G1ConcRefinementThreads                  = 4                                         {product} {ergonomic}
   size_t G1HeapRegionSize                         = 1048576                                   {product} {ergonomic}
    uintx GCDrainStackTargetSize                   = 64                                        {product} {ergonomic}
   size_t InitialHeapSize                          = 67108864                                  {product} {command line}
   size_t MarkStackSize                            = 4194304                                   {product} {ergonomic}
   size_t MaxHeapSize                              = 67108864                                  {product} {command line}
   size_t MinHeapDeltaBytes                        = 1048576                                   {product} {ergonomic}
   size_t MinHeapSize                              = 67108864                                  {product} {command line}
    uintx NonNMethodCodeHeapSize                   = 5832780                                {pd product} {ergonomic}
    uintx NonProfiledCodeHeapSize                  = 122912730                              {pd product} {ergonomic}
    uintx ProfiledCodeHeapSize                     = 122912730                              {pd product} {ergonomic}
    uintx ReservedCodeCacheSize                    = 251658240                              {pd product} {ergonomic}
     bool SegmentedCodeCache                       = true                                      {product} {ergonomic}
   size_t SoftMaxHeapSize                          = 67108864                               {manageable} {ergonomic}
     bool UseCompressedClassPointers               = true                           {product lp64_product} {ergonomic}
     bool UseCompressedOops                        = true                           {product lp64_product} {ergonomic}
     bool UseG1GC                                  = true                                      {product} {ergonomic}
     bool UseLargePagesIndividualAllocation        = false                                  {pd product} {ergonomic}

Logging:
Log output configuration:
 #0: stdout all=warning uptime,level,tags
 #1: stderr all=off uptime,level,tags

Environment Variables:
JAVA_HOME=C:\Program Files\Java\jdk-16
CLASSPATH=C:\gradle-8.1\lib\gradle-launcher-8.1.jar
PATH=C:\OracleXE\21c\dbhomeXE\bin;C:\Python310\Scripts\;C:\Python310\;C:\Program Files\Common Files\Oracle\Java\javapath;C:\Program Files (x86)\Common Files\Oracle\Java\javapath;C:\WINDOWS\system32;C:\WINDOWS;C:\WINDOWS\System32\Wbem;C:\WINDOWS\System32\WindowsPowerShell\v1.0\;C:\WINDOWS\System32\OpenSSH\;C:\TDM-GCC-64\bin;C:\Program Files (x86)\Brackets\command;C:\Program Files\Git\cmd;C:\ProgramData\chocolatey\bin;C:\Program Files\nodejs\;C:\Program Files\dotnet\;C:\Program Files\Java\jdk-16\bin;C:\gradle-8.1\bin;C:\Program Files\MySQL\MySQL Shell 8.0\bin\;C:\Users\rsssa\AppData\Local\Microsoft\WindowsApps;C:\Program Files\JetBrains\PyCharm Community Edition 2020.1.2\bin;;C:\Users\rsssa\AppData\Local\GitHubDesktop\bin;C:\Users\rsssa\AppData\Roaming\npm;C:\Users\rsssa\.dotnet\tools;C:\Users\rsssa\AppData\Local\Programs\Microsoft VS Code\bin;C:\gradle-8.1\bin;
USERNAME=rsssa
OS=Windows_NT
PROCESSOR_IDENTIFIER=Intel64 Family 6 Model 142 Stepping 9, GenuineIntel



---------------  S Y S T E M  ---------------

OS:
 Windows 10 , 64 bit Build 19041 (10.0.19041.3155)
OS uptime: 2 days 9:43 hours

CPU: total 4 (initial active 4) (2 cores per cpu, 2 threads per core) family 6 model 142 stepping 9 microcode 0xea, cx8, cmov, fxsr, ht, mmx, 3dnowpref, sse, sse2, sse3, ssse3, sse4.1, sse4.2, popcnt, lzcnt, tsc, tscinvbit, avx, avx2, aes, erms, clmul, bmi1, bmi2, adx, fma, vzeroupper, clflush, clflushopt

Memory: 4k page, system-wide physical 4007M (319M free)
TotalPageFile size 16295M (AvailPageFile size 32M)
current process WorkingSet (physical memory assigned to process): 9M, peak: 9M
current process commit charge ("private bytes"): 51M, peak: 115M

vm_info: Java HotSpot(TM) 64-Bit Server VM (16+36-2231) for windows-amd64 JRE (16+36-2231), built on Feb  8 2021 11:43:10 by "mach5one" with MS VC++ 16.7 (VS2019)

END.
