#
# There is insufficient memory for the Java Runtime Environment to continue.
# Native memory allocation (malloc) failed to allocate 77424 bytes for Chunk::new
# Possible reasons:
#   The system is out of physical RAM or swap space
#   The process is running with CompressedOops enabled, and the Java Heap may be blocking the growth of the native heap
# Possible solutions:
#   Reduce memory load on the system
#   Increase physical memory or swap space
#   Check if swap backing store is full
#   Decrease Java heap size (-Xmx/-Xms)
#   Decrease number of Java threads
#   Decrease Java thread stack sizes (-Xss)
#   Set larger code cache with -XX:ReservedCodeCacheSize=
#   JVM is running with Unscaled Compressed Oops mode in which the Java heap is
#     placed in the first 4GB address space. The Java Heap base address is the
#     maximum limit for the native heap growth. Please use -XX:HeapBaseMinAddress
#     to set the Java Heap base and to place the Java Heap above 4GB virtual address.
# This output file may be truncated or incomplete.
#
#  Out of Memory Error (arena.cpp:195), pid=15572, tid=15920
#
# JRE version: Java(TM) SE Runtime Environment (16.0+36) (build 16+36-2231)
# Java VM: Java HotSpot(TM) 64-Bit Server VM (16+36-2231, mixed mode, sharing, tiered, compressed oops, g1 gc, windows-amd64)
# No core dump will be written. Minidumps are not enabled by default on client versions of Windows
#

---------------  S U M M A R Y ------------

Command Line: --add-opens=java.base/java.util=ALL-UNNAMED --add-opens=java.base/java.lang=ALL-UNNAMED --add-opens=java.base/java.lang.invoke=ALL-UNNAMED --add-opens=java.prefs/java.util.prefs=ALL-UNNAMED --add-opens=java.base/java.nio.charset=ALL-UNNAMED --add-opens=java.base/java.net=ALL-UNNAMED --add-opens=java.base/java.util.concurrent.atomic=ALL-UNNAMED -XX:MaxMetaspaceSize=384m -XX:+HeapDumpOnOutOfMemoryError -Xms256m -Xmx512m -Dfile.encoding=windows-1252 -Duser.country=IN -Duser.language=en -Duser.variant -javaagent:C:\gradle-8.1\lib\agents\gradle-instrumentation-agent-8.1.jar org.gradle.launcher.daemon.bootstrap.GradleDaemon 8.1

Host: Intel(R) Core(TM) i3-7020U CPU @ 2.30GHz, 4 cores, 3G,  Windows 10 , 64 bit Build 19041 (10.0.19041.3155)
Time: Fri Aug 11 14:44:31 2023 India Standard Time elapsed time: 8.432879 seconds (0d 0h 0m 8s)

---------------  T H R E A D  ---------------

Current thread (0x000001382bc65520):  JavaThread "C2 CompilerThread0" daemon [_thread_in_native, id=15920, stack(0x000000267cb00000,0x000000267cc00000)]


Current CompileTask:
C2:   8432 3844       4       java.lang.invoke.MethodType::makeImpl (108 bytes)

Stack: [0x000000267cb00000,0x000000267cc00000]
Native frames: (J=compiled Java code, j=interpreted, Vv=VM code, C=native code)
V  [jvm.dll+0x6681da]
V  [jvm.dll+0x7c9d99]
V  [jvm.dll+0x7cb4d3]
V  [jvm.dll+0x7cbb33]
V  [jvm.dll+0x242ee5]
V  [jvm.dll+0xadeca]
V  [jvm.dll+0xae5ac]
V  [jvm.dll+0x2a524c]
V  [jvm.dll+0x573d69]
V  [jvm.dll+0x21e6ce]
V  [jvm.dll+0x2176b6]
V  [jvm.dll+0x21523c]
V  [jvm.dll+0x1a1d8b]
V  [jvm.dll+0x225398]
V  [jvm.dll+0x2233dc]
V  [jvm.dll+0x77f9e2]
V  [jvm.dll+0x77952a]
V  [jvm.dll+0x667076]
C  [ucrtbase.dll+0x21bb2]
C  [KERNEL32.DLL+0x17614]
C  [ntdll.dll+0x526b1]


---------------  P R O C E S S  ---------------

Threads class SMR info:
_java_thread_list=0x000001382f9ae7c0, length=37, elements={
0x0000013811d1e6b0, 0x000001382bc3aa40, 0x000001382bc3b810, 0x000001382bc50590,
0x000001382bc510a0, 0x000001382bc539c0, 0x000001382bc57700, 0x000001382bc65520,
0x000001382bc66e90, 0x000001382bc73970, 0x000001382bc18c90, 0x000001382c9cefd0,
0x000001382db7e850, 0x000001382db8e8f0, 0x000001382db374a0, 0x000001382db765c0,
0x000001382c97c610, 0x000001382bc74410, 0x000001382bc73420, 0x000001382bc74960,
0x000001382bc71440, 0x000001382bc71990, 0x000001382bc72430, 0x000001382bc72980,
0x000001382bc72ed0, 0x000001382dbb4e80, 0x000001382dbb3e90, 0x000001382dbb43e0,
0x000001382dbb53d0, 0x000001382dbb4930, 0x000001382dbb2400, 0x000001382dbb2950,
0x000001382dbb2ea0, 0x000001382d2fa350, 0x000001382d2f68e0, 0x000001382d2fb890,
0x000001382d2f7380
}

Java Threads: ( => current thread )
  0x0000013811d1e6b0 JavaThread "main" [_thread_blocked, id=9948, stack(0x000000267be00000,0x000000267bf00000)]
  0x000001382bc3aa40 JavaThread "Reference Handler" daemon [_thread_blocked, id=19696, stack(0x000000267c500000,0x000000267c600000)]
  0x000001382bc3b810 JavaThread "Finalizer" daemon [_thread_blocked, id=15332, stack(0x000000267c600000,0x000000267c700000)]
  0x000001382bc50590 JavaThread "Signal Dispatcher" daemon [_thread_blocked, id=19636, stack(0x000000267c700000,0x000000267c800000)]
  0x000001382bc510a0 JavaThread "Attach Listener" daemon [_thread_blocked, id=2652, stack(0x000000267c800000,0x000000267c900000)]
  0x000001382bc539c0 JavaThread "Service Thread" daemon [_thread_blocked, id=9208, stack(0x000000267c900000,0x000000267ca00000)]
  0x000001382bc57700 JavaThread "Monitor Deflation Thread" daemon [_thread_blocked, id=17260, stack(0x000000267ca00000,0x000000267cb00000)]
=>0x000001382bc65520 JavaThread "C2 CompilerThread0" daemon [_thread_in_native, id=15920, stack(0x000000267cb00000,0x000000267cc00000)]
  0x000001382bc66e90 JavaThread "C1 CompilerThread0" daemon [_thread_in_native, id=13016, stack(0x000000267cc00000,0x000000267cd00000)]
  0x000001382bc73970 JavaThread "Sweeper thread" daemon [_thread_blocked, id=4824, stack(0x000000267cd00000,0x000000267ce00000)]
  0x000001382bc18c90 JavaThread "Common-Cleaner" daemon [_thread_blocked, id=4232, stack(0x000000267ce00000,0x000000267cf00000)]
  0x000001382c9cefd0 JavaThread "Notification Thread" daemon [_thread_blocked, id=12284, stack(0x000000267cf00000,0x000000267d000000)]
  0x000001382db7e850 JavaThread "Daemon health stats" [_thread_blocked, id=15336, stack(0x000000267d400000,0x000000267d500000)]
  0x000001382db8e8f0 JavaThread "Incoming local TCP Connector on port 54339" [_thread_in_native, id=5596, stack(0x000000267d500000,0x000000267d600000)]
  0x000001382db374a0 JavaThread "Daemon periodic checks" [_thread_blocked, id=20436, stack(0x000000267d600000,0x000000267d700000)]
  0x000001382db765c0 JavaThread "Daemon" [_thread_blocked, id=17984, stack(0x000000267d700000,0x000000267d800000)]
  0x000001382c97c610 JavaThread "Handler for socket connection from /127.0.0.1:54339 to /127.0.0.1:54340" [_thread_in_native, id=5228, stack(0x000000267d800000,0x000000267d900000)]
  0x000001382bc74410 JavaThread "Cancel handler" [_thread_blocked, id=13604, stack(0x000000267d900000,0x000000267da00000)]
  0x000001382bc73420 JavaThread "Daemon worker" [_thread_in_Java, id=17244, stack(0x000000267da00000,0x000000267db00000)]
  0x000001382bc74960 JavaThread "Asynchronous log dispatcher for DefaultDaemonConnection: socket connection from /127.0.0.1:54339 to /127.0.0.1:54340" [_thread_blocked, id=18844, stack(0x000000267db00000,0x000000267dc00000)]
  0x000001382bc71440 JavaThread "Stdin handler" [_thread_blocked, id=13584, stack(0x000000267dc00000,0x000000267dd00000)]
  0x000001382bc71990 JavaThread "Daemon client event forwarder" [_thread_blocked, id=1480, stack(0x000000267dd00000,0x000000267de00000)]
  0x000001382bc72430 JavaThread "Cache worker for journal cache (C:\Users\rsssa\.gradle\caches\journal-1)" [_thread_blocked, id=10944, stack(0x000000267de00000,0x000000267df00000)]
  0x000001382bc72980 JavaThread "File lock request listener" [_thread_in_native, id=5188, stack(0x000000267df00000,0x000000267e000000)]
  0x000001382bc72ed0 JavaThread "Cache worker for file hash cache (C:\Users\rsssa\.gradle\caches\8.1\fileHashes)" [_thread_blocked, id=17768, stack(0x000000267e000000,0x000000267e100000)]
  0x000001382dbb4e80 JavaThread "File watcher server" daemon [_thread_in_native, id=9148, stack(0x000000267e100000,0x000000267e200000)]
  0x000001382dbb3e90 JavaThread "File watcher consumer" daemon [_thread_blocked, id=14964, stack(0x000000267e200000,0x000000267e300000)]
  0x000001382dbb43e0 JavaThread "Cache worker for checksums cache (D:\Kelkar\java\JavaProjects\hr\dbdl\.gradle\8.1\checksums)" [_thread_blocked, id=17728, stack(0x000000267e300000,0x000000267e400000)]
  0x000001382dbb53d0 JavaThread "Cache worker for cache directory md-rule (C:\Users\rsssa\.gradle\caches\8.1\md-rule)" [_thread_blocked, id=20416, stack(0x000000267e400000,0x000000267e500000)]
  0x000001382dbb4930 JavaThread "Cache worker for file content cache (C:\Users\rsssa\.gradle\caches\8.1\fileContent)" [_thread_blocked, id=2580, stack(0x000000267e500000,0x000000267e600000)]
  0x000001382dbb2400 JavaThread "Cache worker for file hash cache (D:\Kelkar\java\JavaProjects\hr\dbdl\.gradle\8.1\fileHashes)" [_thread_blocked, id=16348, stack(0x000000267e600000,0x000000267e700000)]
  0x000001382dbb2950 JavaThread "Cache worker for cache directory md-supplier (C:\Users\rsssa\.gradle\caches\8.1\md-supplier)" [_thread_blocked, id=19472, stack(0x000000267e700000,0x000000267e800000)]
  0x000001382dbb2ea0 JavaThread "Cache worker for execution history cache (C:\Users\rsssa\.gradle\caches\8.1\executionHistory)" [_thread_blocked, id=4612, stack(0x000000267e800000,0x000000267e900000)]
  0x000001382d2fa350 JavaThread "Cache worker for dependencies-accessors (D:\Kelkar\java\JavaProjects\hr\dbdl\.gradle\8.1\dependencies-accessors)" [_thread_blocked, id=17096, stack(0x000000267e900000,0x000000267ea00000)]
  0x000001382d2f68e0 JavaThread "jar transforms" [_thread_blocked, id=12548, stack(0x000000267ea00000,0x000000267eb00000)]
  0x000001382d2fb890 JavaThread "jar transforms Thread 2" [_thread_blocked, id=15832, stack(0x000000267eb00000,0x000000267ec00000)]
  0x000001382d2f7380 JavaThread "Cache worker for Build Output Cleanup Cache (D:\Kelkar\java\JavaProjects\hr\dbdl\.gradle\buildOutputCleanup)" [_thread_blocked, id=19600, stack(0x000000267ec00000,0x000000267ed00000)]

Other Threads:
  0x000001382bc30ac0 VMThread "VM Thread" [stack: 0x000000267c400000,0x000000267c500000] [id=9468]
  0x000001382c92acc0 WatcherThread [stack: 0x000000267d000000,0x000000267d100000] [id=15140]
  0x0000013811d433a0 GCTaskThread "GC Thread#0" [stack: 0x000000267bf00000,0x000000267c000000] [id=10600]
  0x000001382d0d57e0 GCTaskThread "GC Thread#1" [stack: 0x000000267d100000,0x000000267d200000] [id=17496]
  0x000001382d0d5af0 GCTaskThread "GC Thread#2" [stack: 0x000000267d200000,0x000000267d300000] [id=16920]
  0x000001382d0d5e00 GCTaskThread "GC Thread#3" [stack: 0x000000267d300000,0x000000267d400000] [id=7228]
  0x0000013811d4a410 ConcurrentGCThread "G1 Main Marker" [stack: 0x000000267c000000,0x000000267c100000] [id=1916]
  0x0000013811d4b5b0 ConcurrentGCThread "G1 Conc#0" [stack: 0x000000267c100000,0x000000267c200000] [id=14344]
  0x0000013811df7dc0 ConcurrentGCThread "G1 Refine#0" [stack: 0x000000267c200000,0x000000267c300000] [id=4180]
  0x0000013811df87d0 ConcurrentGCThread "G1 Service" [stack: 0x000000267c300000,0x000000267c400000] [id=6960]

Threads with active compile tasks:
C2 CompilerThread0     8499 3844       4       java.lang.invoke.MethodType::makeImpl (108 bytes)
C1 CompilerThread0     8499 3952       3       org.gradle.internal.instantiation.generator.AbstractClassGenerator::isEagerAttachProperty (33 bytes)

VM state: not at safepoint (normal execution)

VM Mutex/Monitor currently owned by a thread: None

Heap address: 0x00000000e0000000, size: 512 MB, Compressed Oops mode: 32-bit
CDS archive(s) mapped at: [0x0000000800000000-0x0000000800bb0000-0x0000000800bb0000), size 12255232, SharedBaseAddress: 0x0000000800000000, ArchiveRelocationMode: 0.
Compressed class space mapped at: 0x0000000800c00000-0x0000000814000000, reserved size: 322961408
Narrow klass base: 0x0000000800000000, Narrow klass shift: 3, Narrow klass range: 0x100000000

GC Precious Log:
 CPUs: 4 total, 4 available
 Memory: 4007M
 Large Page Support: Disabled
 NUMA Support: Disabled
 Compressed Oops: Enabled (32-bit)
 Heap Region Size: 1M
 Heap Min Capacity: 256M
 Heap Initial Capacity: 256M
 Heap Max Capacity: 512M
 Pre-touch: Disabled
 Parallel Workers: 4
 Concurrent Workers: 1
 Concurrent Refinement Workers: 4
 Periodic GC: Disabled

Heap:
 garbage-first heap   total 262144K, used 40050K [0x00000000e0000000, 0x0000000100000000)
  region size 1024K, 27 young (27648K), 17 survivors (17408K)
 Metaspace       used 36985K, committed 37440K, reserved 348160K
  class space    used 5039K, committed 5248K, reserved 315392K

Heap Regions: E=young(eden), S=young(survivor), O=old, HS=humongous(starts), HC=humongous(continues), CS=collection set, F=free, OA=open archive, CA=closed archive, TAMS=top-at-mark-start (previous, next)
|   0|0x00000000e0000000, 0x00000000e0100000, 0x00000000e0100000|100%|HS|  |TAMS 0x00000000e0100000, 0x00000000e0000000| Complete 
|   1|0x00000000e0100000, 0x00000000e0200000, 0x00000000e0200000|100%|HC|  |TAMS 0x00000000e0200000, 0x00000000e0100000| Complete 
|   2|0x00000000e0200000, 0x00000000e0300000, 0x00000000e0300000|100%|HC|  |TAMS 0x00000000e0300000, 0x00000000e0200000| Complete 
|   3|0x00000000e0300000, 0x00000000e0400000, 0x00000000e0400000|100%|HC|  |TAMS 0x00000000e0400000, 0x00000000e0300000| Complete 
|   4|0x00000000e0400000, 0x00000000e0500000, 0x00000000e0500000|100%| O|  |TAMS 0x00000000e0500000, 0x00000000e0400000| Untracked 
|   5|0x00000000e0500000, 0x00000000e0600000, 0x00000000e0600000|100%| O|  |TAMS 0x00000000e0600000, 0x00000000e0500000| Untracked 
|   6|0x00000000e0600000, 0x00000000e0700000, 0x00000000e0700000|100%| O|  |TAMS 0x00000000e0700000, 0x00000000e0600000| Untracked 
|   7|0x00000000e0700000, 0x00000000e0800000, 0x00000000e0800000|100%| O|  |TAMS 0x00000000e0800000, 0x00000000e0700000| Untracked 
|   8|0x00000000e0800000, 0x00000000e0900000, 0x00000000e0900000|100%| O|  |TAMS 0x00000000e08f0400, 0x00000000e0800000| Untracked 
|   9|0x00000000e0900000, 0x00000000e0900000, 0x00000000e0a00000|  0%| F|  |TAMS 0x00000000e0900000, 0x00000000e0900000| Untracked 
|  10|0x00000000e0a00000, 0x00000000e0a00000, 0x00000000e0b00000|  0%| F|  |TAMS 0x00000000e0a00000, 0x00000000e0a00000| Untracked 
|  11|0x00000000e0b00000, 0x00000000e0b00000, 0x00000000e0c00000|  0%| F|  |TAMS 0x00000000e0b00000, 0x00000000e0b00000| Untracked 
|  12|0x00000000e0c00000, 0x00000000e0d00000, 0x00000000e0d00000|100%|HS|  |TAMS 0x00000000e0d00000, 0x00000000e0c00000| Complete 
|  13|0x00000000e0d00000, 0x00000000e0e00000, 0x00000000e0e00000|100%|HC|  |TAMS 0x00000000e0e00000, 0x00000000e0d00000| Complete 
|  14|0x00000000e0e00000, 0x00000000e0e00000, 0x00000000e0f00000|  0%| F|  |TAMS 0x00000000e0e00000, 0x00000000e0e00000| Untracked 
|  15|0x00000000e0f00000, 0x00000000e0f00000, 0x00000000e1000000|  0%| F|  |TAMS 0x00000000e0f00000, 0x00000000e0f00000| Untracked 
|  16|0x00000000e1000000, 0x00000000e1100000, 0x00000000e1100000|100%| O|  |TAMS 0x00000000e1000000, 0x00000000e1000000| Untracked 
|  17|0x00000000e1100000, 0x00000000e1200000, 0x00000000e1200000|100%| O|  |TAMS 0x00000000e1100000, 0x00000000e1100000| Untracked 
|  18|0x00000000e1200000, 0x00000000e124a600, 0x00000000e1300000| 29%| O|  |TAMS 0x00000000e1200000, 0x00000000e1200000| Untracked 
|  19|0x00000000e1300000, 0x00000000e1300000, 0x00000000e1400000|  0%| F|  |TAMS 0x00000000e1300000, 0x00000000e1300000| Untracked 
|  20|0x00000000e1400000, 0x00000000e1400000, 0x00000000e1500000|  0%| F|  |TAMS 0x00000000e1400000, 0x00000000e1400000| Untracked 
|  21|0x00000000e1500000, 0x00000000e1500000, 0x00000000e1600000|  0%| F|  |TAMS 0x00000000e1500000, 0x00000000e1500000| Untracked 
|  22|0x00000000e1600000, 0x00000000e1600000, 0x00000000e1700000|  0%| F|  |TAMS 0x00000000e1600000, 0x00000000e1600000| Untracked 
|  23|0x00000000e1700000, 0x00000000e1700000, 0x00000000e1800000|  0%| F|  |TAMS 0x00000000e1700000, 0x00000000e1700000| Untracked 
|  24|0x00000000e1800000, 0x00000000e1800000, 0x00000000e1900000|  0%| F|  |TAMS 0x00000000e1800000, 0x00000000e1800000| Untracked 
|  25|0x00000000e1900000, 0x00000000e1900000, 0x00000000e1a00000|  0%| F|  |TAMS 0x00000000e1900000, 0x00000000e1900000| Untracked 
|  26|0x00000000e1a00000, 0x00000000e1a00000, 0x00000000e1b00000|  0%| F|  |TAMS 0x00000000e1a00000, 0x00000000e1a00000| Untracked 
|  27|0x00000000e1b00000, 0x00000000e1b00000, 0x00000000e1c00000|  0%| F|  |TAMS 0x00000000e1b00000, 0x00000000e1b00000| Untracked 
|  28|0x00000000e1c00000, 0x00000000e1c00000, 0x00000000e1d00000|  0%| F|  |TAMS 0x00000000e1c00000, 0x00000000e1c00000| Untracked 
|  29|0x00000000e1d00000, 0x00000000e1d00000, 0x00000000e1e00000|  0%| F|  |TAMS 0x00000000e1d00000, 0x00000000e1d00000| Untracked 
|  30|0x00000000e1e00000, 0x00000000e1e00000, 0x00000000e1f00000|  0%| F|  |TAMS 0x00000000e1e00000, 0x00000000e1e00000| Untracked 
|  31|0x00000000e1f00000, 0x00000000e1f00000, 0x00000000e2000000|  0%| F|  |TAMS 0x00000000e1f00000, 0x00000000e1f00000| Untracked 
|  32|0x00000000e2000000, 0x00000000e2000000, 0x00000000e2100000|  0%| F|  |TAMS 0x00000000e2000000, 0x00000000e2000000| Untracked 
|  33|0x00000000e2100000, 0x00000000e2100000, 0x00000000e2200000|  0%| F|  |TAMS 0x00000000e2100000, 0x00000000e2100000| Untracked 
|  34|0x00000000e2200000, 0x00000000e2200000, 0x00000000e2300000|  0%| F|  |TAMS 0x00000000e2200000, 0x00000000e2200000| Untracked 
|  35|0x00000000e2300000, 0x00000000e2300000, 0x00000000e2400000|  0%| F|  |TAMS 0x00000000e2300000, 0x00000000e2300000| Untracked 
|  36|0x00000000e2400000, 0x00000000e2400000, 0x00000000e2500000|  0%| F|  |TAMS 0x00000000e2400000, 0x00000000e2400000| Untracked 
|  37|0x00000000e2500000, 0x00000000e2500000, 0x00000000e2600000|  0%| F|  |TAMS 0x00000000e2500000, 0x00000000e2500000| Untracked 
|  38|0x00000000e2600000, 0x00000000e2600000, 0x00000000e2700000|  0%| F|  |TAMS 0x00000000e2600000, 0x00000000e2600000| Untracked 
|  39|0x00000000e2700000, 0x00000000e2700000, 0x00000000e2800000|  0%| F|  |TAMS 0x00000000e2700000, 0x00000000e2700000| Untracked 
|  40|0x00000000e2800000, 0x00000000e2800000, 0x00000000e2900000|  0%| F|  |TAMS 0x00000000e2800000, 0x00000000e2800000| Untracked 
|  41|0x00000000e2900000, 0x00000000e2900000, 0x00000000e2a00000|  0%| F|  |TAMS 0x00000000e2900000, 0x00000000e2900000| Untracked 
|  42|0x00000000e2a00000, 0x00000000e2a00000, 0x00000000e2b00000|  0%| F|  |TAMS 0x00000000e2a00000, 0x00000000e2a00000| Untracked 
|  43|0x00000000e2b00000, 0x00000000e2b00000, 0x00000000e2c00000|  0%| F|  |TAMS 0x00000000e2b00000, 0x00000000e2b00000| Untracked 
|  44|0x00000000e2c00000, 0x00000000e2c00000, 0x00000000e2d00000|  0%| F|  |TAMS 0x00000000e2c00000, 0x00000000e2c00000| Untracked 
|  45|0x00000000e2d00000, 0x00000000e2d00000, 0x00000000e2e00000|  0%| F|  |TAMS 0x00000000e2d00000, 0x00000000e2d00000| Untracked 
|  46|0x00000000e2e00000, 0x00000000e2e00000, 0x00000000e2f00000|  0%| F|  |TAMS 0x00000000e2e00000, 0x00000000e2e00000| Untracked 
|  47|0x00000000e2f00000, 0x00000000e2f00000, 0x00000000e3000000|  0%| F|  |TAMS 0x00000000e2f00000, 0x00000000e2f00000| Untracked 
|  48|0x00000000e3000000, 0x00000000e3000000, 0x00000000e3100000|  0%| F|  |TAMS 0x00000000e3000000, 0x00000000e3000000| Untracked 
|  49|0x00000000e3100000, 0x00000000e3100000, 0x00000000e3200000|  0%| F|  |TAMS 0x00000000e3100000, 0x00000000e3100000| Untracked 
|  50|0x00000000e3200000, 0x00000000e3200000, 0x00000000e3300000|  0%| F|  |TAMS 0x00000000e3200000, 0x00000000e3200000| Untracked 
|  51|0x00000000e3300000, 0x00000000e3300000, 0x00000000e3400000|  0%| F|  |TAMS 0x00000000e3300000, 0x00000000e3300000| Untracked 
|  52|0x00000000e3400000, 0x00000000e3400000, 0x00000000e3500000|  0%| F|  |TAMS 0x00000000e3400000, 0x00000000e3400000| Untracked 
|  53|0x00000000e3500000, 0x00000000e3500000, 0x00000000e3600000|  0%| F|  |TAMS 0x00000000e3500000, 0x00000000e3500000| Untracked 
|  54|0x00000000e3600000, 0x00000000e3600000, 0x00000000e3700000|  0%| F|  |TAMS 0x00000000e3600000, 0x00000000e3600000| Untracked 
|  55|0x00000000e3700000, 0x00000000e3700000, 0x00000000e3800000|  0%| F|  |TAMS 0x00000000e3700000, 0x00000000e3700000| Untracked 
|  56|0x00000000e3800000, 0x00000000e3800000, 0x00000000e3900000|  0%| F|  |TAMS 0x00000000e3800000, 0x00000000e3800000| Untracked 
|  57|0x00000000e3900000, 0x00000000e3900000, 0x00000000e3a00000|  0%| F|  |TAMS 0x00000000e3900000, 0x00000000e3900000| Untracked 
|  58|0x00000000e3a00000, 0x00000000e3a00000, 0x00000000e3b00000|  0%| F|  |TAMS 0x00000000e3a00000, 0x00000000e3a00000| Untracked 
|  59|0x00000000e3b00000, 0x00000000e3b00000, 0x00000000e3c00000|  0%| F|  |TAMS 0x00000000e3b00000, 0x00000000e3b00000| Untracked 
|  60|0x00000000e3c00000, 0x00000000e3c00000, 0x00000000e3d00000|  0%| F|  |TAMS 0x00000000e3c00000, 0x00000000e3c00000| Untracked 
|  61|0x00000000e3d00000, 0x00000000e3d00000, 0x00000000e3e00000|  0%| F|  |TAMS 0x00000000e3d00000, 0x00000000e3d00000| Untracked 
|  62|0x00000000e3e00000, 0x00000000e3e00000, 0x00000000e3f00000|  0%| F|  |TAMS 0x00000000e3e00000, 0x00000000e3e00000| Untracked 
|  63|0x00000000e3f00000, 0x00000000e3f00000, 0x00000000e4000000|  0%| F|  |TAMS 0x00000000e3f00000, 0x00000000e3f00000| Untracked 
|  64|0x00000000e4000000, 0x00000000e4000000, 0x00000000e4100000|  0%| F|  |TAMS 0x00000000e4000000, 0x00000000e4000000| Untracked 
|  65|0x00000000e4100000, 0x00000000e4100000, 0x00000000e4200000|  0%| F|  |TAMS 0x00000000e4100000, 0x00000000e4100000| Untracked 
|  66|0x00000000e4200000, 0x00000000e4200000, 0x00000000e4300000|  0%| F|  |TAMS 0x00000000e4200000, 0x00000000e4200000| Untracked 
|  67|0x00000000e4300000, 0x00000000e4300000, 0x00000000e4400000|  0%| F|  |TAMS 0x00000000e4300000, 0x00000000e4300000| Untracked 
|  68|0x00000000e4400000, 0x00000000e4400000, 0x00000000e4500000|  0%| F|  |TAMS 0x00000000e4400000, 0x00000000e4400000| Untracked 
|  69|0x00000000e4500000, 0x00000000e4500000, 0x00000000e4600000|  0%| F|  |TAMS 0x00000000e4500000, 0x00000000e4500000| Untracked 
|  70|0x00000000e4600000, 0x00000000e4600000, 0x00000000e4700000|  0%| F|  |TAMS 0x00000000e4600000, 0x00000000e4600000| Untracked 
|  71|0x00000000e4700000, 0x00000000e4700000, 0x00000000e4800000|  0%| F|  |TAMS 0x00000000e4700000, 0x00000000e4700000| Untracked 
|  72|0x00000000e4800000, 0x00000000e4800000, 0x00000000e4900000|  0%| F|  |TAMS 0x00000000e4800000, 0x00000000e4800000| Untracked 
|  73|0x00000000e4900000, 0x00000000e4900000, 0x00000000e4a00000|  0%| F|  |TAMS 0x00000000e4900000, 0x00000000e4900000| Untracked 
|  74|0x00000000e4a00000, 0x00000000e4a00000, 0x00000000e4b00000|  0%| F|  |TAMS 0x00000000e4a00000, 0x00000000e4a00000| Untracked 
|  75|0x00000000e4b00000, 0x00000000e4b00000, 0x00000000e4c00000|  0%| F|  |TAMS 0x00000000e4b00000, 0x00000000e4b00000| Untracked 
|  76|0x00000000e4c00000, 0x00000000e4c00000, 0x00000000e4d00000|  0%| F|  |TAMS 0x00000000e4c00000, 0x00000000e4c00000| Untracked 
|  77|0x00000000e4d00000, 0x00000000e4d00000, 0x00000000e4e00000|  0%| F|  |TAMS 0x00000000e4d00000, 0x00000000e4d00000| Untracked 
|  78|0x00000000e4e00000, 0x00000000e4e00000, 0x00000000e4f00000|  0%| F|  |TAMS 0x00000000e4e00000, 0x00000000e4e00000| Untracked 
|  79|0x00000000e4f00000, 0x00000000e4f00000, 0x00000000e5000000|  0%| F|  |TAMS 0x00000000e4f00000, 0x00000000e4f00000| Untracked 
|  80|0x00000000e5000000, 0x00000000e5000000, 0x00000000e5100000|  0%| F|  |TAMS 0x00000000e5000000, 0x00000000e5000000| Untracked 
|  81|0x00000000e5100000, 0x00000000e5100000, 0x00000000e5200000|  0%| F|  |TAMS 0x00000000e5100000, 0x00000000e5100000| Untracked 
|  82|0x00000000e5200000, 0x00000000e5200000, 0x00000000e5300000|  0%| F|  |TAMS 0x00000000e5200000, 0x00000000e5200000| Untracked 
|  83|0x00000000e5300000, 0x00000000e5300000, 0x00000000e5400000|  0%| F|  |TAMS 0x00000000e5300000, 0x00000000e5300000| Untracked 
|  84|0x00000000e5400000, 0x00000000e5400000, 0x00000000e5500000|  0%| F|  |TAMS 0x00000000e5400000, 0x00000000e5400000| Untracked 
|  85|0x00000000e5500000, 0x00000000e5500000, 0x00000000e5600000|  0%| F|  |TAMS 0x00000000e5500000, 0x00000000e5500000| Untracked 
|  86|0x00000000e5600000, 0x00000000e5600000, 0x00000000e5700000|  0%| F|  |TAMS 0x00000000e5600000, 0x00000000e5600000| Untracked 
|  87|0x00000000e5700000, 0x00000000e5700000, 0x00000000e5800000|  0%| F|  |TAMS 0x00000000e5700000, 0x00000000e5700000| Untracked 
|  88|0x00000000e5800000, 0x00000000e5800000, 0x00000000e5900000|  0%| F|  |TAMS 0x00000000e5800000, 0x00000000e5800000| Untracked 
|  89|0x00000000e5900000, 0x00000000e5900000, 0x00000000e5a00000|  0%| F|  |TAMS 0x00000000e5900000, 0x00000000e5900000| Untracked 
|  90|0x00000000e5a00000, 0x00000000e5a00000, 0x00000000e5b00000|  0%| F|  |TAMS 0x00000000e5a00000, 0x00000000e5a00000| Untracked 
|  91|0x00000000e5b00000, 0x00000000e5b00000, 0x00000000e5c00000|  0%| F|  |TAMS 0x00000000e5b00000, 0x00000000e5b00000| Untracked 
|  92|0x00000000e5c00000, 0x00000000e5c00000, 0x00000000e5d00000|  0%| F|  |TAMS 0x00000000e5c00000, 0x00000000e5c00000| Untracked 
|  93|0x00000000e5d00000, 0x00000000e5d00000, 0x00000000e5e00000|  0%| F|  |TAMS 0x00000000e5d00000, 0x00000000e5d00000| Untracked 
|  94|0x00000000e5e00000, 0x00000000e5e00000, 0x00000000e5f00000|  0%| F|  |TAMS 0x00000000e5e00000, 0x00000000e5e00000| Untracked 
|  95|0x00000000e5f00000, 0x00000000e5f00000, 0x00000000e6000000|  0%| F|  |TAMS 0x00000000e5f00000, 0x00000000e5f00000| Untracked 
|  96|0x00000000e6000000, 0x00000000e6000000, 0x00000000e6100000|  0%| F|  |TAMS 0x00000000e6000000, 0x00000000e6000000| Untracked 
|  97|0x00000000e6100000, 0x00000000e6100000, 0x00000000e6200000|  0%| F|  |TAMS 0x00000000e6100000, 0x00000000e6100000| Untracked 
|  98|0x00000000e6200000, 0x00000000e6200000, 0x00000000e6300000|  0%| F|  |TAMS 0x00000000e6200000, 0x00000000e6200000| Untracked 
|  99|0x00000000e6300000, 0x00000000e6300000, 0x00000000e6400000|  0%| F|  |TAMS 0x00000000e6300000, 0x00000000e6300000| Untracked 
| 100|0x00000000e6400000, 0x00000000e6400000, 0x00000000e6500000|  0%| F|  |TAMS 0x00000000e6400000, 0x00000000e6400000| Untracked 
| 101|0x00000000e6500000, 0x00000000e6500000, 0x00000000e6600000|  0%| F|  |TAMS 0x00000000e6500000, 0x00000000e6500000| Untracked 
| 102|0x00000000e6600000, 0x00000000e6600000, 0x00000000e6700000|  0%| F|  |TAMS 0x00000000e6600000, 0x00000000e6600000| Untracked 
| 103|0x00000000e6700000, 0x00000000e6700000, 0x00000000e6800000|  0%| F|  |TAMS 0x00000000e6700000, 0x00000000e6700000| Untracked 
| 104|0x00000000e6800000, 0x00000000e6800000, 0x00000000e6900000|  0%| F|  |TAMS 0x00000000e6800000, 0x00000000e6800000| Untracked 
| 105|0x00000000e6900000, 0x00000000e6900000, 0x00000000e6a00000|  0%| F|  |TAMS 0x00000000e6900000, 0x00000000e6900000| Untracked 
| 106|0x00000000e6a00000, 0x00000000e6a00000, 0x00000000e6b00000|  0%| F|  |TAMS 0x00000000e6a00000, 0x00000000e6a00000| Untracked 
| 107|0x00000000e6b00000, 0x00000000e6b00000, 0x00000000e6c00000|  0%| F|  |TAMS 0x00000000e6b00000, 0x00000000e6b00000| Untracked 
| 108|0x00000000e6c00000, 0x00000000e6c00000, 0x00000000e6d00000|  0%| F|  |TAMS 0x00000000e6c00000, 0x00000000e6c00000| Untracked 
| 109|0x00000000e6d00000, 0x00000000e6d00000, 0x00000000e6e00000|  0%| F|  |TAMS 0x00000000e6d00000, 0x00000000e6d00000| Untracked 
| 110|0x00000000e6e00000, 0x00000000e6e00000, 0x00000000e6f00000|  0%| F|  |TAMS 0x00000000e6e00000, 0x00000000e6e00000| Untracked 
| 111|0x00000000e6f00000, 0x00000000e6f00000, 0x00000000e7000000|  0%| F|  |TAMS 0x00000000e6f00000, 0x00000000e6f00000| Untracked 
| 112|0x00000000e7000000, 0x00000000e7000000, 0x00000000e7100000|  0%| F|  |TAMS 0x00000000e7000000, 0x00000000e7000000| Untracked 
| 113|0x00000000e7100000, 0x00000000e7100000, 0x00000000e7200000|  0%| F|  |TAMS 0x00000000e7100000, 0x00000000e7100000| Untracked 
| 114|0x00000000e7200000, 0x00000000e7200000, 0x00000000e7300000|  0%| F|  |TAMS 0x00000000e7200000, 0x00000000e7200000| Untracked 
| 115|0x00000000e7300000, 0x00000000e7300000, 0x00000000e7400000|  0%| F|  |TAMS 0x00000000e7300000, 0x00000000e7300000| Untracked 
| 116|0x00000000e7400000, 0x00000000e7400000, 0x00000000e7500000|  0%| F|  |TAMS 0x00000000e7400000, 0x00000000e7400000| Untracked 
| 117|0x00000000e7500000, 0x00000000e7500000, 0x00000000e7600000|  0%| F|  |TAMS 0x00000000e7500000, 0x00000000e7500000| Untracked 
| 118|0x00000000e7600000, 0x00000000e7600000, 0x00000000e7700000|  0%| F|  |TAMS 0x00000000e7600000, 0x00000000e7600000| Untracked 
| 119|0x00000000e7700000, 0x00000000e7700000, 0x00000000e7800000|  0%| F|  |TAMS 0x00000000e7700000, 0x00000000e7700000| Untracked 
| 120|0x00000000e7800000, 0x00000000e78d24d8, 0x00000000e7900000| 82%| S|CS|TAMS 0x00000000e7800000, 0x00000000e7800000| Complete 
| 121|0x00000000e7900000, 0x00000000e7a00000, 0x00000000e7a00000|100%| S|CS|TAMS 0x00000000e7900000, 0x00000000e7900000| Complete 
| 122|0x00000000e7a00000, 0x00000000e7b00000, 0x00000000e7b00000|100%| S|CS|TAMS 0x00000000e7a00000, 0x00000000e7a00000| Complete 
| 123|0x00000000e7b00000, 0x00000000e7c00000, 0x00000000e7c00000|100%| S|CS|TAMS 0x00000000e7b00000, 0x00000000e7b00000| Complete 
| 124|0x00000000e7c00000, 0x00000000e7d00000, 0x00000000e7d00000|100%| S|CS|TAMS 0x00000000e7c00000, 0x00000000e7c00000| Complete 
| 125|0x00000000e7d00000, 0x00000000e7e00000, 0x00000000e7e00000|100%| S|CS|TAMS 0x00000000e7d00000, 0x00000000e7d00000| Complete 
| 126|0x00000000e7e00000, 0x00000000e7f00000, 0x00000000e7f00000|100%| S|CS|TAMS 0x00000000e7e00000, 0x00000000e7e00000| Complete 
| 127|0x00000000e7f00000, 0x00000000e8000000, 0x00000000e8000000|100%| S|CS|TAMS 0x00000000e7f00000, 0x00000000e7f00000| Complete 
| 128|0x00000000e8000000, 0x00000000e8000000, 0x00000000e8100000|  0%| F|  |TAMS 0x00000000e8000000, 0x00000000e8000000| Untracked 
| 129|0x00000000e8100000, 0x00000000e8100000, 0x00000000e8200000|  0%| F|  |TAMS 0x00000000e8100000, 0x00000000e8100000| Untracked 
| 130|0x00000000e8200000, 0x00000000e8200000, 0x00000000e8300000|  0%| F|  |TAMS 0x00000000e8200000, 0x00000000e8200000| Untracked 
| 131|0x00000000e8300000, 0x00000000e8300000, 0x00000000e8400000|  0%| F|  |TAMS 0x00000000e8300000, 0x00000000e8300000| Untracked 
| 132|0x00000000e8400000, 0x00000000e8400000, 0x00000000e8500000|  0%| F|  |TAMS 0x00000000e8400000, 0x00000000e8400000| Untracked 
| 133|0x00000000e8500000, 0x00000000e8500000, 0x00000000e8600000|  0%| F|  |TAMS 0x00000000e8500000, 0x00000000e8500000| Untracked 
| 134|0x00000000e8600000, 0x00000000e8600000, 0x00000000e8700000|  0%| F|  |TAMS 0x00000000e8600000, 0x00000000e8600000| Untracked 
| 135|0x00000000e8700000, 0x00000000e8700000, 0x00000000e8800000|  0%| F|  |TAMS 0x00000000e8700000, 0x00000000e8700000| Untracked 
| 136|0x00000000e8800000, 0x00000000e8800000, 0x00000000e8900000|  0%| F|  |TAMS 0x00000000e8800000, 0x00000000e8800000| Untracked 
| 137|0x00000000e8900000, 0x00000000e8900000, 0x00000000e8a00000|  0%| F|  |TAMS 0x00000000e8900000, 0x00000000e8900000| Untracked 
| 138|0x00000000e8a00000, 0x00000000e8a00000, 0x00000000e8b00000|  0%| F|  |TAMS 0x00000000e8a00000, 0x00000000e8a00000| Untracked 
| 139|0x00000000e8b00000, 0x00000000e8b00000, 0x00000000e8c00000|  0%| F|  |TAMS 0x00000000e8b00000, 0x00000000e8b00000| Untracked 
| 140|0x00000000e8c00000, 0x00000000e8d00000, 0x00000000e8d00000|100%| S|CS|TAMS 0x00000000e8c00000, 0x00000000e8c00000| Complete 
| 141|0x00000000e8d00000, 0x00000000e8e00000, 0x00000000e8e00000|100%| S|CS|TAMS 0x00000000e8d00000, 0x00000000e8d00000| Complete 
| 142|0x00000000e8e00000, 0x00000000e8f00000, 0x00000000e8f00000|100%| S|CS|TAMS 0x00000000e8e00000, 0x00000000e8e00000| Complete 
| 143|0x00000000e8f00000, 0x00000000e9000000, 0x00000000e9000000|100%| S|CS|TAMS 0x00000000e8f00000, 0x00000000e8f00000| Complete 
| 144|0x00000000e9000000, 0x00000000e9100000, 0x00000000e9100000|100%| S|CS|TAMS 0x00000000e9000000, 0x00000000e9000000| Complete 
| 145|0x00000000e9100000, 0x00000000e9200000, 0x00000000e9200000|100%| S|CS|TAMS 0x00000000e9100000, 0x00000000e9100000| Complete 
| 146|0x00000000e9200000, 0x00000000e9300000, 0x00000000e9300000|100%| S|CS|TAMS 0x00000000e9200000, 0x00000000e9200000| Complete 
| 147|0x00000000e9300000, 0x00000000e9400000, 0x00000000e9400000|100%| S|CS|TAMS 0x00000000e9300000, 0x00000000e9300000| Complete 
| 148|0x00000000e9400000, 0x00000000e9500000, 0x00000000e9500000|100%| S|CS|TAMS 0x00000000e9400000, 0x00000000e9400000| Complete 
| 149|0x00000000e9500000, 0x00000000e9500000, 0x00000000e9600000|  0%| F|  |TAMS 0x00000000e9500000, 0x00000000e9500000| Untracked 
| 150|0x00000000e9600000, 0x00000000e9600000, 0x00000000e9700000|  0%| F|  |TAMS 0x00000000e9600000, 0x00000000e9600000| Untracked 
| 151|0x00000000e9700000, 0x00000000e9700000, 0x00000000e9800000|  0%| F|  |TAMS 0x00000000e9700000, 0x00000000e9700000| Untracked 
| 152|0x00000000e9800000, 0x00000000e9800000, 0x00000000e9900000|  0%| F|  |TAMS 0x00000000e9800000, 0x00000000e9800000| Untracked 
| 153|0x00000000e9900000, 0x00000000e9900000, 0x00000000e9a00000|  0%| F|  |TAMS 0x00000000e9900000, 0x00000000e9900000| Untracked 
| 154|0x00000000e9a00000, 0x00000000e9a00000, 0x00000000e9b00000|  0%| F|  |TAMS 0x00000000e9a00000, 0x00000000e9a00000| Untracked 
| 155|0x00000000e9b00000, 0x00000000e9b00000, 0x00000000e9c00000|  0%| F|  |TAMS 0x00000000e9b00000, 0x00000000e9b00000| Untracked 
| 156|0x00000000e9c00000, 0x00000000e9c00000, 0x00000000e9d00000|  0%| F|  |TAMS 0x00000000e9c00000, 0x00000000e9c00000| Untracked 
| 157|0x00000000e9d00000, 0x00000000e9d00000, 0x00000000e9e00000|  0%| F|  |TAMS 0x00000000e9d00000, 0x00000000e9d00000| Untracked 
| 158|0x00000000e9e00000, 0x00000000e9e00000, 0x00000000e9f00000|  0%| F|  |TAMS 0x00000000e9e00000, 0x00000000e9e00000| Untracked 
| 159|0x00000000e9f00000, 0x00000000e9f00000, 0x00000000ea000000|  0%| F|  |TAMS 0x00000000e9f00000, 0x00000000e9f00000| Untracked 
| 160|0x00000000ea000000, 0x00000000ea000000, 0x00000000ea100000|  0%| F|  |TAMS 0x00000000ea000000, 0x00000000ea000000| Untracked 
| 161|0x00000000ea100000, 0x00000000ea100000, 0x00000000ea200000|  0%| F|  |TAMS 0x00000000ea100000, 0x00000000ea100000| Untracked 
| 162|0x00000000ea200000, 0x00000000ea200000, 0x00000000ea300000|  0%| F|  |TAMS 0x00000000ea200000, 0x00000000ea200000| Untracked 
| 163|0x00000000ea300000, 0x00000000ea300000, 0x00000000ea400000|  0%| F|  |TAMS 0x00000000ea300000, 0x00000000ea300000| Untracked 
| 164|0x00000000ea400000, 0x00000000ea400000, 0x00000000ea500000|  0%| F|  |TAMS 0x00000000ea400000, 0x00000000ea400000| Untracked 
| 165|0x00000000ea500000, 0x00000000ea500000, 0x00000000ea600000|  0%| F|  |TAMS 0x00000000ea500000, 0x00000000ea500000| Untracked 
| 166|0x00000000ea600000, 0x00000000ea600000, 0x00000000ea700000|  0%| F|  |TAMS 0x00000000ea600000, 0x00000000ea600000| Untracked 
| 167|0x00000000ea700000, 0x00000000ea700000, 0x00000000ea800000|  0%| F|  |TAMS 0x00000000ea700000, 0x00000000ea700000| Untracked 
| 168|0x00000000ea800000, 0x00000000ea800000, 0x00000000ea900000|  0%| F|  |TAMS 0x00000000ea800000, 0x00000000ea800000| Untracked 
| 169|0x00000000ea900000, 0x00000000ea900000, 0x00000000eaa00000|  0%| F|  |TAMS 0x00000000ea900000, 0x00000000ea900000| Untracked 
| 170|0x00000000eaa00000, 0x00000000eaa00000, 0x00000000eab00000|  0%| F|  |TAMS 0x00000000eaa00000, 0x00000000eaa00000| Untracked 
| 171|0x00000000eab00000, 0x00000000eab00000, 0x00000000eac00000|  0%| F|  |TAMS 0x00000000eab00000, 0x00000000eab00000| Untracked 
| 172|0x00000000eac00000, 0x00000000eac00000, 0x00000000ead00000|  0%| F|  |TAMS 0x00000000eac00000, 0x00000000eac00000| Untracked 
| 173|0x00000000ead00000, 0x00000000ead00000, 0x00000000eae00000|  0%| F|  |TAMS 0x00000000ead00000, 0x00000000ead00000| Untracked 
| 174|0x00000000eae00000, 0x00000000eae00000, 0x00000000eaf00000|  0%| F|  |TAMS 0x00000000eae00000, 0x00000000eae00000| Untracked 
| 175|0x00000000eaf00000, 0x00000000eaf00000, 0x00000000eb000000|  0%| F|  |TAMS 0x00000000eaf00000, 0x00000000eaf00000| Untracked 
| 176|0x00000000eb000000, 0x00000000eb000000, 0x00000000eb100000|  0%| F|  |TAMS 0x00000000eb000000, 0x00000000eb000000| Untracked 
| 177|0x00000000eb100000, 0x00000000eb100000, 0x00000000eb200000|  0%| F|  |TAMS 0x00000000eb100000, 0x00000000eb100000| Untracked 
| 178|0x00000000eb200000, 0x00000000eb200000, 0x00000000eb300000|  0%| F|  |TAMS 0x00000000eb200000, 0x00000000eb200000| Untracked 
| 179|0x00000000eb300000, 0x00000000eb300000, 0x00000000eb400000|  0%| F|  |TAMS 0x00000000eb300000, 0x00000000eb300000| Untracked 
| 180|0x00000000eb400000, 0x00000000eb400000, 0x00000000eb500000|  0%| F|  |TAMS 0x00000000eb400000, 0x00000000eb400000| Untracked 
| 181|0x00000000eb500000, 0x00000000eb500000, 0x00000000eb600000|  0%| F|  |TAMS 0x00000000eb500000, 0x00000000eb500000| Untracked 
| 182|0x00000000eb600000, 0x00000000eb600000, 0x00000000eb700000|  0%| F|  |TAMS 0x00000000eb600000, 0x00000000eb600000| Untracked 
| 183|0x00000000eb700000, 0x00000000eb700000, 0x00000000eb800000|  0%| F|  |TAMS 0x00000000eb700000, 0x00000000eb700000| Untracked 
| 184|0x00000000eb800000, 0x00000000eb800000, 0x00000000eb900000|  0%| F|  |TAMS 0x00000000eb800000, 0x00000000eb800000| Untracked 
| 185|0x00000000eb900000, 0x00000000eb900000, 0x00000000eba00000|  0%| F|  |TAMS 0x00000000eb900000, 0x00000000eb900000| Untracked 
| 186|0x00000000eba00000, 0x00000000eba00000, 0x00000000ebb00000|  0%| F|  |TAMS 0x00000000eba00000, 0x00000000eba00000| Untracked 
| 187|0x00000000ebb00000, 0x00000000ebb00000, 0x00000000ebc00000|  0%| F|  |TAMS 0x00000000ebb00000, 0x00000000ebb00000| Untracked 
| 188|0x00000000ebc00000, 0x00000000ebc00000, 0x00000000ebd00000|  0%| F|  |TAMS 0x00000000ebc00000, 0x00000000ebc00000| Untracked 
| 189|0x00000000ebd00000, 0x00000000ebd00000, 0x00000000ebe00000|  0%| F|  |TAMS 0x00000000ebd00000, 0x00000000ebd00000| Untracked 
| 190|0x00000000ebe00000, 0x00000000ebe00000, 0x00000000ebf00000|  0%| F|  |TAMS 0x00000000ebe00000, 0x00000000ebe00000| Untracked 
| 191|0x00000000ebf00000, 0x00000000ebf00000, 0x00000000ec000000|  0%| F|  |TAMS 0x00000000ebf00000, 0x00000000ebf00000| Untracked 
| 192|0x00000000ec000000, 0x00000000ec000000, 0x00000000ec100000|  0%| F|  |TAMS 0x00000000ec000000, 0x00000000ec000000| Untracked 
| 193|0x00000000ec100000, 0x00000000ec100000, 0x00000000ec200000|  0%| F|  |TAMS 0x00000000ec100000, 0x00000000ec100000| Untracked 
| 194|0x00000000ec200000, 0x00000000ec200000, 0x00000000ec300000|  0%| F|  |TAMS 0x00000000ec200000, 0x00000000ec200000| Untracked 
| 195|0x00000000ec300000, 0x00000000ec300000, 0x00000000ec400000|  0%| F|  |TAMS 0x00000000ec300000, 0x00000000ec300000| Untracked 
| 196|0x00000000ec400000, 0x00000000ec400000, 0x00000000ec500000|  0%| F|  |TAMS 0x00000000ec400000, 0x00000000ec400000| Untracked 
| 197|0x00000000ec500000, 0x00000000ec500000, 0x00000000ec600000|  0%| F|  |TAMS 0x00000000ec500000, 0x00000000ec500000| Untracked 
| 198|0x00000000ec600000, 0x00000000ec600000, 0x00000000ec700000|  0%| F|  |TAMS 0x00000000ec600000, 0x00000000ec600000| Untracked 
| 199|0x00000000ec700000, 0x00000000ec700000, 0x00000000ec800000|  0%| F|  |TAMS 0x00000000ec700000, 0x00000000ec700000| Untracked 
| 200|0x00000000ec800000, 0x00000000ec800000, 0x00000000ec900000|  0%| F|  |TAMS 0x00000000ec800000, 0x00000000ec800000| Untracked 
| 201|0x00000000ec900000, 0x00000000ec900000, 0x00000000eca00000|  0%| F|  |TAMS 0x00000000ec900000, 0x00000000ec900000| Untracked 
| 202|0x00000000eca00000, 0x00000000eca00000, 0x00000000ecb00000|  0%| F|  |TAMS 0x00000000eca00000, 0x00000000eca00000| Untracked 
| 203|0x00000000ecb00000, 0x00000000ecb00000, 0x00000000ecc00000|  0%| F|  |TAMS 0x00000000ecb00000, 0x00000000ecb00000| Untracked 
| 204|0x00000000ecc00000, 0x00000000ecc00000, 0x00000000ecd00000|  0%| F|  |TAMS 0x00000000ecc00000, 0x00000000ecc00000| Untracked 
| 205|0x00000000ecd00000, 0x00000000ecd00000, 0x00000000ece00000|  0%| F|  |TAMS 0x00000000ecd00000, 0x00000000ecd00000| Untracked 
| 206|0x00000000ece00000, 0x00000000ece00000, 0x00000000ecf00000|  0%| F|  |TAMS 0x00000000ece00000, 0x00000000ece00000| Untracked 
| 207|0x00000000ecf00000, 0x00000000ecf00000, 0x00000000ed000000|  0%| F|  |TAMS 0x00000000ecf00000, 0x00000000ecf00000| Untracked 
| 208|0x00000000ed000000, 0x00000000ed000000, 0x00000000ed100000|  0%| F|  |TAMS 0x00000000ed000000, 0x00000000ed000000| Untracked 
| 209|0x00000000ed100000, 0x00000000ed100000, 0x00000000ed200000|  0%| F|  |TAMS 0x00000000ed100000, 0x00000000ed100000| Untracked 
| 210|0x00000000ed200000, 0x00000000ed200000, 0x00000000ed300000|  0%| F|  |TAMS 0x00000000ed200000, 0x00000000ed200000| Untracked 
| 211|0x00000000ed300000, 0x00000000ed300000, 0x00000000ed400000|  0%| F|  |TAMS 0x00000000ed300000, 0x00000000ed300000| Untracked 
| 212|0x00000000ed400000, 0x00000000ed400000, 0x00000000ed500000|  0%| F|  |TAMS 0x00000000ed400000, 0x00000000ed400000| Untracked 
| 213|0x00000000ed500000, 0x00000000ed500000, 0x00000000ed600000|  0%| F|  |TAMS 0x00000000ed500000, 0x00000000ed500000| Untracked 
| 214|0x00000000ed600000, 0x00000000ed600000, 0x00000000ed700000|  0%| F|  |TAMS 0x00000000ed600000, 0x00000000ed600000| Untracked 
| 215|0x00000000ed700000, 0x00000000ed700000, 0x00000000ed800000|  0%| F|  |TAMS 0x00000000ed700000, 0x00000000ed700000| Untracked 
| 216|0x00000000ed800000, 0x00000000ed800000, 0x00000000ed900000|  0%| F|  |TAMS 0x00000000ed800000, 0x00000000ed800000| Untracked 
| 217|0x00000000ed900000, 0x00000000ed900000, 0x00000000eda00000|  0%| F|  |TAMS 0x00000000ed900000, 0x00000000ed900000| Untracked 
| 218|0x00000000eda00000, 0x00000000eda00000, 0x00000000edb00000|  0%| F|  |TAMS 0x00000000eda00000, 0x00000000eda00000| Untracked 
| 219|0x00000000edb00000, 0x00000000edb00000, 0x00000000edc00000|  0%| F|  |TAMS 0x00000000edb00000, 0x00000000edb00000| Untracked 
| 220|0x00000000edc00000, 0x00000000edc00000, 0x00000000edd00000|  0%| F|  |TAMS 0x00000000edc00000, 0x00000000edc00000| Untracked 
| 221|0x00000000edd00000, 0x00000000edd00000, 0x00000000ede00000|  0%| F|  |TAMS 0x00000000edd00000, 0x00000000edd00000| Untracked 
| 222|0x00000000ede00000, 0x00000000ede00000, 0x00000000edf00000|  0%| F|  |TAMS 0x00000000ede00000, 0x00000000ede00000| Untracked 
| 223|0x00000000edf00000, 0x00000000edf00000, 0x00000000ee000000|  0%| F|  |TAMS 0x00000000edf00000, 0x00000000edf00000| Untracked 
| 224|0x00000000ee000000, 0x00000000ee000000, 0x00000000ee100000|  0%| F|  |TAMS 0x00000000ee000000, 0x00000000ee000000| Untracked 
| 225|0x00000000ee100000, 0x00000000ee100000, 0x00000000ee200000|  0%| F|  |TAMS 0x00000000ee100000, 0x00000000ee100000| Untracked 
| 226|0x00000000ee200000, 0x00000000ee200000, 0x00000000ee300000|  0%| F|  |TAMS 0x00000000ee200000, 0x00000000ee200000| Untracked 
| 227|0x00000000ee300000, 0x00000000ee300000, 0x00000000ee400000|  0%| F|  |TAMS 0x00000000ee300000, 0x00000000ee300000| Untracked 
| 228|0x00000000ee400000, 0x00000000ee400000, 0x00000000ee500000|  0%| F|  |TAMS 0x00000000ee400000, 0x00000000ee400000| Untracked 
| 229|0x00000000ee500000, 0x00000000ee500000, 0x00000000ee600000|  0%| F|  |TAMS 0x00000000ee500000, 0x00000000ee500000| Untracked 
| 230|0x00000000ee600000, 0x00000000ee600000, 0x00000000ee700000|  0%| F|  |TAMS 0x00000000ee600000, 0x00000000ee600000| Untracked 
| 231|0x00000000ee700000, 0x00000000ee700000, 0x00000000ee800000|  0%| F|  |TAMS 0x00000000ee700000, 0x00000000ee700000| Untracked 
| 232|0x00000000ee800000, 0x00000000ee800000, 0x00000000ee900000|  0%| F|  |TAMS 0x00000000ee800000, 0x00000000ee800000| Untracked 
| 233|0x00000000ee900000, 0x00000000ee900000, 0x00000000eea00000|  0%| F|  |TAMS 0x00000000ee900000, 0x00000000ee900000| Untracked 
| 234|0x00000000eea00000, 0x00000000eea00000, 0x00000000eeb00000|  0%| F|  |TAMS 0x00000000eea00000, 0x00000000eea00000| Untracked 
| 235|0x00000000eeb00000, 0x00000000eeb00000, 0x00000000eec00000|  0%| F|  |TAMS 0x00000000eeb00000, 0x00000000eeb00000| Untracked 
| 236|0x00000000eec00000, 0x00000000eec00000, 0x00000000eed00000|  0%| F|  |TAMS 0x00000000eec00000, 0x00000000eec00000| Untracked 
| 237|0x00000000eed00000, 0x00000000eed00000, 0x00000000eee00000|  0%| F|  |TAMS 0x00000000eed00000, 0x00000000eed00000| Untracked 
| 238|0x00000000eee00000, 0x00000000eee00000, 0x00000000eef00000|  0%| F|  |TAMS 0x00000000eee00000, 0x00000000eee00000| Untracked 
| 239|0x00000000eef00000, 0x00000000eef00000, 0x00000000ef000000|  0%| F|  |TAMS 0x00000000eef00000, 0x00000000eef00000| Untracked 
| 240|0x00000000ef000000, 0x00000000ef000000, 0x00000000ef100000|  0%| F|  |TAMS 0x00000000ef000000, 0x00000000ef000000| Untracked 
| 241|0x00000000ef100000, 0x00000000ef100000, 0x00000000ef200000|  0%| F|  |TAMS 0x00000000ef100000, 0x00000000ef100000| Untracked 
| 242|0x00000000ef200000, 0x00000000ef200000, 0x00000000ef300000|  0%| F|  |TAMS 0x00000000ef200000, 0x00000000ef200000| Untracked 
| 243|0x00000000ef300000, 0x00000000ef300000, 0x00000000ef400000|  0%| F|  |TAMS 0x00000000ef300000, 0x00000000ef300000| Untracked 
| 244|0x00000000ef400000, 0x00000000ef400000, 0x00000000ef500000|  0%| F|  |TAMS 0x00000000ef400000, 0x00000000ef400000| Untracked 
| 245|0x00000000ef500000, 0x00000000ef580800, 0x00000000ef600000| 50%| E|  |TAMS 0x00000000ef500000, 0x00000000ef500000| Complete 
| 246|0x00000000ef600000, 0x00000000ef700000, 0x00000000ef700000|100%| E|CS|TAMS 0x00000000ef600000, 0x00000000ef600000| Complete 
| 247|0x00000000ef700000, 0x00000000ef800000, 0x00000000ef800000|100%| E|CS|TAMS 0x00000000ef700000, 0x00000000ef700000| Complete 
| 248|0x00000000ef800000, 0x00000000ef900000, 0x00000000ef900000|100%| E|CS|TAMS 0x00000000ef800000, 0x00000000ef800000| Complete 
| 249|0x00000000ef900000, 0x00000000efa00000, 0x00000000efa00000|100%| E|CS|TAMS 0x00000000ef900000, 0x00000000ef900000| Complete 
| 250|0x00000000efa00000, 0x00000000efb00000, 0x00000000efb00000|100%| E|CS|TAMS 0x00000000efa00000, 0x00000000efa00000| Complete 
| 251|0x00000000efb00000, 0x00000000efc00000, 0x00000000efc00000|100%| E|CS|TAMS 0x00000000efb00000, 0x00000000efb00000| Complete 
| 252|0x00000000efc00000, 0x00000000efd00000, 0x00000000efd00000|100%| E|CS|TAMS 0x00000000efc00000, 0x00000000efc00000| Complete 
| 253|0x00000000efd00000, 0x00000000efe00000, 0x00000000efe00000|100%| E|CS|TAMS 0x00000000efd00000, 0x00000000efd00000| Complete 
| 254|0x00000000efe00000, 0x00000000eff00000, 0x00000000eff00000|100%| E|CS|TAMS 0x00000000efe00000, 0x00000000efe00000| Complete 
| 255|0x00000000eff00000, 0x00000000f0000000, 0x00000000f0000000|100%| E|CS|TAMS 0x00000000eff00000, 0x00000000eff00000| Complete 

Card table byte_map: [0x0000013828490000,0x0000013828590000] _byte_map_base: 0x0000013827d90000

Marking Bits (Prev, Next): (CMBitMap*) 0x0000013811d439a0, (CMBitMap*) 0x0000013811d439e0
 Prev Bits: [0x0000013828690000, 0x0000013828e90000)
 Next Bits: [0x0000013828e90000, 0x0000013829690000)

Polling page: 0x000001380fce0000

Metaspace:

Usage:
  Non-class:     31.24 MB used.
      Class:      4.93 MB used.
       Both:     36.17 MB used.

Virtual space:
  Non-class space:       32.00 MB reserved,      31.44 MB ( 98%) committed,  4 nodes.
      Class space:      308.00 MB reserved,       5.12 MB (  2%) committed,  1 nodes.
              Both:      340.00 MB reserved,      36.56 MB ( 11%) committed. 

Chunk freelists:
   Non-Class:  320.00 KB
       Class:  2.73 MB
        Both:  3.05 MB

MaxMetaspaceSize: 384.00 MB
CompressedClassSpaceSize: 308.00 MB
 - commit_granule_bytes: 65536.
 - commit_granule_words: 8192.
 - virtual_space_node_default_size: 1048576.
 - enlarge_chunks_in_place: 1.
 - new_chunks_are_fully_committed: 0.
 - uncommit_free_chunks: 1.
 - use_allocation_guard: 0.
 - handle_deallocations: 1.


Internal statistics:

num_allocs_failed_limit: 9.
num_arena_births: 406.
num_arena_deaths: 0.
num_vsnodes_births: 5.
num_vsnodes_deaths: 0.
num_space_committed: 586.
num_space_uncommitted: 0.
num_chunks_returned_to_freelist: 9.
num_chunks_taken_from_freelist: 1733.
num_chunk_merges: 9.
num_chunk_splits: 1193.
num_chunks_enlarged: 848.
num_purges: 0.

CodeHeap 'non-profiled nmethods': size=120000Kb used=1691Kb max_used=1691Kb free=118308Kb
 bounds [0x0000013820f60000, 0x00000138211d0000, 0x0000013828490000]
CodeHeap 'profiled nmethods': size=120000Kb used=7653Kb max_used=7653Kb free=112346Kb
 bounds [0x0000013819a30000, 0x000001381a1b0000, 0x0000013820f60000]
CodeHeap 'non-nmethods': size=5760Kb used=2313Kb max_used=2335Kb free=3446Kb
 bounds [0x0000013819490000, 0x0000013819700000, 0x0000013819a30000]
 total_blobs=4704 nmethods=3889 adapters=726
 compilation: enabled
              stopped_count=0, restarted_count=0
 full_count=0

Compilation events (20 events):
Event: 8.405 Thread 0x000001382bc66e90 3888       3       java.lang.invoke.LambdaFormEditor$Transform::equals (32 bytes)
Event: 8.405 Thread 0x000001382bc66e90 nmethod 3888 0x000001381a188b10 code [0x000001381a188cc0, 0x000001381a188ea8]
Event: 8.405 Thread 0x000001382bc66e90 3893       3       java.lang.invoke.MemberName::<init> (26 bytes)
Event: 8.405 Thread 0x000001382bc66e90 nmethod 3893 0x000001381a188f90 code [0x000001381a189160, 0x000001381a189388]
Event: 8.405 Thread 0x000001382bc66e90 3894       3       java.lang.invoke.MethodHandles$Lookup::resolveOrFail (47 bytes)
Event: 8.406 Thread 0x000001382bc66e90 nmethod 3894 0x000001381a189490 code [0x000001381a1896e0, 0x000001381a189ec8]
Event: 8.407 Thread 0x000001382bc66e90 3896       3       jdk.internal.org.objectweb.asm.SymbolTable$Entry::<init> (18 bytes)
Event: 8.407 Thread 0x000001382bc66e90 nmethod 3896 0x000001381a18a210 code [0x000001381a18a3c0, 0x000001381a18a548]
Event: 8.408 Thread 0x000001382bc66e90 3898       3       java.lang.invoke.MethodHandles$Lookup::checkField (58 bytes)
Event: 8.409 Thread 0x000001382bc66e90 nmethod 3898 0x000001381a18a610 code [0x000001381a18a800, 0x000001381a18ac78]
Event: 8.409 Thread 0x000001382bc66e90 3900       3       java.lang.invoke.ClassSpecializer$Factory$1Var::<init> (146 bytes)
Event: 8.413 Thread 0x000001382bc66e90 nmethod 3900 0x000001381a18ae10 code [0x000001381a18b200, 0x000001381a18ca78]
Event: 8.413 Thread 0x000001382bc66e90 3907       3       java.lang.invoke.MethodType::insertParameterTypes (121 bytes)
Event: 8.416 Thread 0x000001382bc66e90 nmethod 3907 0x000001381a18d410 code [0x000001381a18d6e0, 0x000001381a18e4e8]
Event: 8.416 Thread 0x000001382bc66e90 3901       3       java.lang.invoke.ClassSpecializer$Factory$1Var::nextSlotIndex (24 bytes)
Event: 8.416 Thread 0x000001382bc66e90 nmethod 3901 0x000001381a18ea10 code [0x000001381a18ebc0, 0x000001381a18ee58]
Event: 8.416 Thread 0x000001382bc66e90 3902       3       java.lang.invoke.ClassSpecializer::classSig (34 bytes)
Event: 8.417 Thread 0x000001382bc66e90 nmethod 3902 0x000001381a18ef90 code [0x000001381a18f1e0, 0x000001381a18f868]
Event: 8.417 Thread 0x000001382bc66e90 3903       3       java.lang.invoke.ClassSpecializer$Factory::typeLoadOp (91 bytes)
Event: 8.418 Thread 0x000001382bc66e90 nmethod 3903 0x000001381a18fb10 code [0x000001381a18fd60, 0x000001381a190598]

GC Heap History (10 events):
Event: 0.556 GC heap before
{Heap before GC invocations=0 (full 0):
 garbage-first heap   total 262144K, used 16384K [0x00000000e0000000, 0x0000000100000000)
  region size 1024K, 13 young (13312K), 0 survivors (0K)
 Metaspace       used 1164K, committed 1280K, reserved 323584K
  class space    used 81K, committed 128K, reserved 315392K
}
Event: 0.561 GC heap after
{Heap after GC invocations=1 (full 0):
 garbage-first heap   total 262144K, used 9273K [0x00000000e0000000, 0x0000000100000000)
  region size 1024K, 2 young (2048K), 2 survivors (2048K)
 Metaspace       used 1164K, committed 1280K, reserved 323584K
  class space    used 81K, committed 128K, reserved 315392K
}
Event: 0.983 GC heap before
{Heap before GC invocations=1 (full 0):
 garbage-first heap   total 262144K, used 20537K [0x00000000e0000000, 0x0000000100000000)
  region size 1024K, 13 young (13312K), 2 survivors (2048K)
 Metaspace       used 3336K, committed 3456K, reserved 323584K
  class space    used 406K, committed 448K, reserved 315392K
}
Event: 0.988 GC heap after
{Heap after GC invocations=2 (full 0):
 garbage-first heap   total 262144K, used 10490K [0x00000000e0000000, 0x0000000100000000)
  region size 1024K, 2 young (2048K), 2 survivors (2048K)
 Metaspace       used 3336K, committed 3456K, reserved 323584K
  class space    used 406K, committed 448K, reserved 315392K
}
Event: 1.648 GC heap before
{Heap before GC invocations=2 (full 0):
 garbage-first heap   total 262144K, used 33018K [0x00000000e0000000, 0x0000000100000000)
  region size 1024K, 24 young (24576K), 2 survivors (2048K)
 Metaspace       used 4272K, committed 4416K, reserved 323584K
  class space    used 505K, committed 576K, reserved 315392K
}
Event: 1.652 GC heap after
{Heap after GC invocations=3 (full 0):
 garbage-first heap   total 262144K, used 12757K [0x00000000e0000000, 0x0000000100000000)
  region size 1024K, 3 young (3072K), 3 survivors (3072K)
 Metaspace       used 4272K, committed 4416K, reserved 323584K
  class space    used 505K, committed 576K, reserved 315392K
}
Event: 5.518 GC heap before
{Heap before GC invocations=3 (full 0):
 garbage-first heap   total 262144K, used 127445K [0x00000000e0000000, 0x0000000100000000)
  region size 1024K, 116 young (118784K), 3 survivors (3072K)
 Metaspace       used 20963K, committed 21248K, reserved 339968K
  class space    used 3050K, committed 3200K, reserved 315392K
}
Event: 5.537 GC heap after
{Heap after GC invocations=4 (full 0):
 garbage-first heap   total 262144K, used 21432K [0x00000000e0000000, 0x0000000100000000)
  region size 1024K, 12 young (12288K), 12 survivors (12288K)
 Metaspace       used 20963K, committed 21248K, reserved 339968K
  class space    used 3050K, committed 3200K, reserved 315392K
}
Event: 7.986 GC heap before
{Heap before GC invocations=5 (full 0):
 garbage-first heap   total 262144K, used 136120K [0x00000000e0000000, 0x0000000100000000)
  region size 1024K, 119 young (121856K), 12 survivors (12288K)
 Metaspace       used 35288K, committed 35648K, reserved 348160K
  class space    used 4862K, committed 5056K, reserved 315392K
}
Event: 8.020 GC heap after
{Heap after GC invocations=6 (full 0):
 garbage-first heap   total 262144K, used 30834K [0x00000000e0000000, 0x0000000100000000)
  region size 1024K, 17 young (17408K), 17 survivors (17408K)
 Metaspace       used 35288K, committed 35648K, reserved 348160K
  class space    used 4862K, committed 5056K, reserved 315392K
}

Deoptimization events (20 events):
Event: 7.945 Thread 0x000001382bc73420 Uncommon trap: trap_request=0xffffffde fr.pc=0x00000138210c3ccc relative=0x000000000000046c
Event: 7.945 Thread 0x000001382bc73420 Uncommon trap: reason=class_check action=maybe_recompile pc=0x00000138210c3ccc method=java.util.regex.Pattern$Start.match(Ljava/util/regex/Matcher;ILjava/lang/CharSequence;)Z @ 44 c2
Event: 7.945 Thread 0x000001382bc73420 DEOPT PACKING pc=0x00000138210c3ccc sp=0x000000267daf7810
Event: 7.945 Thread 0x000001382bc73420 DEOPT UNPACKING pc=0x00000138194dd72e sp=0x000000267daf7740 mode 2
Event: 7.946 Thread 0x000001382bc73420 Uncommon trap: trap_request=0xffffffde fr.pc=0x00000138210c3ccc relative=0x000000000000046c
Event: 7.946 Thread 0x000001382bc73420 Uncommon trap: reason=class_check action=maybe_recompile pc=0x00000138210c3ccc method=java.util.regex.Pattern$Start.match(Ljava/util/regex/Matcher;ILjava/lang/CharSequence;)Z @ 44 c2
Event: 7.946 Thread 0x000001382bc73420 DEOPT PACKING pc=0x00000138210c3ccc sp=0x000000267daf7810
Event: 7.946 Thread 0x000001382bc73420 DEOPT UNPACKING pc=0x00000138194dd72e sp=0x000000267daf7740 mode 2
Event: 8.142 Thread 0x000001382bc73420 Uncommon trap: trap_request=0xffffffde fr.pc=0x00000138210c3ccc relative=0x000000000000046c
Event: 8.142 Thread 0x000001382bc73420 Uncommon trap: reason=class_check action=maybe_recompile pc=0x00000138210c3ccc method=java.util.regex.Pattern$Start.match(Ljava/util/regex/Matcher;ILjava/lang/CharSequence;)Z @ 44 c2
Event: 8.142 Thread 0x000001382bc73420 DEOPT PACKING pc=0x00000138210c3ccc sp=0x000000267daf8770
Event: 8.142 Thread 0x000001382bc73420 DEOPT UNPACKING pc=0x00000138194dd72e sp=0x000000267daf86a0 mode 2
Event: 8.381 Thread 0x000001382bc73420 Uncommon trap: trap_request=0xffffff45 fr.pc=0x00000138210456e4 relative=0x0000000000007e04
Event: 8.381 Thread 0x000001382bc73420 Uncommon trap: reason=unstable_if action=reinterpret pc=0x00000138210456e4 method=jdk.internal.org.objectweb.asm.Frame.execute(IILjdk/internal/org/objectweb/asm/Symbol;Ljdk/internal/org/objectweb/asm/SymbolTable;)V @ 1 c2
Event: 8.381 Thread 0x000001382bc73420 DEOPT PACKING pc=0x00000138210456e4 sp=0x000000267daf6570
Event: 8.381 Thread 0x000001382bc73420 DEOPT UNPACKING pc=0x00000138194dd72e sp=0x000000267daf6528 mode 2
Event: 8.382 Thread 0x000001382bc73420 Uncommon trap: trap_request=0xffffff45 fr.pc=0x00000138210eefac relative=0x00000000000004cc
Event: 8.382 Thread 0x000001382bc73420 Uncommon trap: reason=unstable_if action=reinterpret pc=0x00000138210eefac method=jdk.internal.org.objectweb.asm.MethodWriter.visitVarInsn(II)V @ 230 c2
Event: 8.382 Thread 0x000001382bc73420 DEOPT PACKING pc=0x00000138210eefac sp=0x000000267daf66a0
Event: 8.382 Thread 0x000001382bc73420 DEOPT UNPACKING pc=0x00000138194dd72e sp=0x000000267daf6660 mode 2

Classes unloaded (0 events):
No events

Classes redefined (0 events):
No events

Internal exceptions (20 events):
Event: 7.937 Thread 0x000001382bc73420 Exception <a 'java/lang/ClassNotFoundException'{0x00000000e97cf018}: groovy/lang/ScriptCustomizer> (0x00000000e97cf018) 
thrown [t:\workspace\open\src\hotspot\share\classfile\systemDictionary.cpp, line 256]
Event: 7.940 Thread 0x000001382bc73420 Exception <a 'java/lang/ClassNotFoundException'{0x00000000e97e11e0}: org/gradle/groovy/scripts/ScriptCustomizer> (0x00000000e97e11e0) 
thrown [t:\workspace\open\src\hotspot\share\classfile\systemDictionary.cpp, line 256]
Event: 7.941 Thread 0x000001382bc73420 Exception <a 'java/lang/ClassNotFoundException'{0x00000000e97f22c0}: org/gradle/groovy/scripts/BasicScriptCustomizer> (0x00000000e97f22c0) 
thrown [t:\workspace\open\src\hotspot\share\classfile\systemDictionary.cpp, line 256]
Event: 7.945 Thread 0x000001382bc73420 Exception <a 'java/lang/ClassNotFoundException'{0x00000000e9609398}: org/gradle/groovy/scripts/DefaultScriptCustomizer> (0x00000000e9609398) 
thrown [t:\workspace\open\src\hotspot\share\classfile\systemDictionary.cpp, line 256]
Event: 7.950 Thread 0x000001382bc73420 Exception <a 'java/lang/ClassNotFoundException'{0x00000000e9630720}: org/gradle/plugin/use/internal/PluginsAwareScriptCustomizer> (0x00000000e9630720) 
thrown [t:\workspace\open\src\hotspot\share\classfile\systemDictionary.cpp, line 256]
Event: 7.955 Thread 0x000001382bc73420 Exception <a 'java/lang/ClassNotFoundException'{0x00000000e9642e80}: org/gradle/api/internal/project/ProjectScriptCustomizer> (0x00000000e9642e80) 
thrown [t:\workspace\open\src\hotspot\share\classfile\systemDictionary.cpp, line 256]
Event: 7.965 Thread 0x000001382bc73420 Exception <a 'java/lang/ClassNotFoundException'{0x00000000e9659b70}: build_6idn889u7mktztq1v1bqkw8aiCustomizer> (0x00000000e9659b70) 
thrown [t:\workspace\open\src\hotspot\share\classfile\systemDictionary.cpp, line 256]
Event: 8.139 Thread 0x000001382bc73420 Exception <a 'java/lang/ClassNotFoundException'{0x00000000efd34630}: org/gradle/api/internal/plugins/DefaultObjectConfigurationActionBeanInfo> (0x00000000efd34630) 
thrown [t:\workspace\open\src\hotspot\share\classfile\systemDictionary.cpp, line 256]
Event: 8.141 Thread 0x000001382bc73420 Exception <a 'java/lang/ClassNotFoundException'{0x00000000efd44cd8}: org/gradle/api/internal/plugins/DefaultObjectConfigurationActionCustomizer> (0x00000000efd44cd8) 
thrown [t:\workspace\open\src\hotspot\share\classfile\systemDictionary.cpp, line 256]
Event: 8.367 Thread 0x000001382bc73420 Exception <a 'java/lang/NoSuchMethodError'{0x00000000efbbda88}: 'java.lang.Object java.lang.invoke.DelegatingMethodHandle$Holder.reinvoke_L(java.lang.Object, java.lang.Object, java.lang.Object, java.lang.Object, java.lang.Object, java.lang.Object, java.lang.Object, java.lang.Object, java.lang.Object, java.lang.Object, java.lang.Object, java.lang.Object, java.lang.Object, java.lang.Object, java.lang.Object, java.lang.Object, java.lang.Object, java.lang.Object, java.lang.Object, java.lang.Object, java.lang.O
Event: 8.368 Thread 0x000001382bc73420 Exception <a 'java/lang/NoSuchMethodError'{0x00000000efbc9d08}: 'java.lang.Object java.lang.invoke.Invokers$Holder.invoker(java.lang.Object, java.lang.Object, java.lang.Object, java.lang.Object, java.lang.Object, java.lang.Object, java.lang.Object, java.lang.Object, java.lang.Object, java.lang.Object, java.lang.Object, java.lang.Object, java.lang.Object, java.lang.Object, java.lang.Object, java.lang.Object, java.lang.Object, java.lang.Object, java.lang.Object, java.lang.Object, java.lang.Object)'> (0x00000
Event: 8.369 Thread 0x000001382bc73420 Exception <a 'java/lang/NoSuchMethodError'{0x00000000efbd1110}: 'java.lang.Object java.lang.invoke.DelegatingMethodHandle$Holder.delegate(java.lang.Object, java.lang.Object, java.lang.Object, java.lang.Object, java.lang.Object, java.lang.Object, java.lang.Object, java.lang.Object, java.lang.Object, java.lang.Object, java.lang.Object, java.lang.Object, java.lang.Object, java.lang.Object, java.lang.Object, java.lang.Object, java.lang.Object, java.lang.Object, java.lang.Object, java.lang.Object, java.lang.Obj
Event: 8.383 Thread 0x000001382bc73420 Exception <a 'java/lang/NoSuchMethodError'{0x00000000efa4c108}: 'java.lang.Object java.lang.invoke.DirectMethodHandle$Holder.invokeStatic(java.lang.Object, java.lang.Object, java.lang.Object, java.lang.Object, java.lang.Object, java.lang.Object, java.lang.Object, java.lang.Object, java.lang.Object, java.lang.Object, java.lang.Object, java.lang.Object, java.lang.Object, java.lang.Object, java.lang.Object, java.lang.Object, java.lang.Object)'> (0x00000000efa4c108) 
thrown [t:\workspace\open\src\hotspot\share
Event: 8.388 Thread 0x000001382bc73420 Exception <a 'java/lang/NoSuchMethodError'{0x00000000efa75df8}: 'java.lang.Object java.lang.invoke.DirectMethodHandle$Holder.invokeStatic(java.lang.Object, java.lang.Object, java.lang.Object, java.lang.Object, java.lang.Object, java.lang.Object, java.lang.Object, java.lang.Object, java.lang.Object, java.lang.Object, java.lang.Object, java.lang.Object, java.lang.Object, java.lang.Object, java.lang.Object, java.lang.Object, java.lang.Object, java.lang.Object)'> (0x00000000efa75df8) 
thrown [t:\workspace\open
Event: 8.393 Thread 0x000001382bc73420 Exception <a 'java/lang/NoSuchMethodError'{0x00000000efaa0908}: 'java.lang.Object java.lang.invoke.DirectMethodHandle$Holder.invokeStatic(java.lang.Object, java.lang.Object, java.lang.Object, java.lang.Object, java.lang.Object, java.lang.Object, java.lang.Object, java.lang.Object, java.lang.Object, java.lang.Object, java.lang.Object, java.lang.Object, java.lang.Object, java.lang.Object, java.lang.Object, java.lang.Object, java.lang.Object, java.lang.Object, java.lang.Object)'> (0x00000000efaa0908) 
thrown 
Event: 8.398 Thread 0x000001382bc73420 Exception <a 'java/lang/NoSuchMethodError'{0x00000000efacc458}: 'java.lang.Object java.lang.invoke.DirectMethodHandle$Holder.invokeStatic(java.lang.Object, java.lang.Object, java.lang.Object, java.lang.Object, java.lang.Object, java.lang.Object, java.lang.Object, java.lang.Object, java.lang.Object, java.lang.Object, java.lang.Object, java.lang.Object, java.lang.Object, java.lang.Object, java.lang.Object, java.lang.Object, java.lang.Object, java.lang.Object, java.lang.Object, java.lang.Object)'> (0x00000000
Event: 8.401 Thread 0x000001382bc73420 Exception <a 'java/lang/NoSuchMethodError'{0x00000000efaf90d8}: 'java.lang.Object java.lang.invoke.DirectMethodHandle$Holder.invokeStatic(java.lang.Object, java.lang.Object, java.lang.Object, java.lang.Object, java.lang.Object, java.lang.Object, java.lang.Object, java.lang.Object, java.lang.Object, java.lang.Object, java.lang.Object, java.lang.Object, java.lang.Object, java.lang.Object, java.lang.Object, java.lang.Object, java.lang.Object, java.lang.Object, java.lang.Object, java.lang.Object, java.lang.Obj
Event: 8.405 Thread 0x000001382bc73420 Exception <a 'java/lang/NoSuchMethodError'{0x00000000ef926c58}: 'java.lang.Object java.lang.invoke.DirectMethodHandle$Holder.invokeStatic(java.lang.Object, java.lang.Object, java.lang.Object, java.lang.Object, java.lang.Object, java.lang.Object, java.lang.Object, java.lang.Object, java.lang.Object, java.lang.Object, java.lang.Object, java.lang.Object, java.lang.Object, java.lang.Object, java.lang.Object, java.lang.Object, java.lang.Object, java.lang.Object, java.lang.Object, java.lang.Object, java.lang.Obj
Event: 8.408 Thread 0x000001382bc73420 Exception <a 'java/lang/NoSuchMethodError'{0x00000000ef955e88}: 'java.lang.Object java.lang.invoke.DirectMethodHandle$Holder.invokeStatic(java.lang.Object, java.lang.Object, java.lang.Object, java.lang.Object, java.lang.Object, java.lang.Object, java.lang.Object, java.lang.Object, java.lang.Object, java.lang.Object, java.lang.Object, java.lang.Object, java.lang.Object, java.lang.Object, java.lang.Object, java.lang.Object, java.lang.Object, java.lang.Object, java.lang.Object, java.lang.Object, java.lang.Obj
Event: 8.411 Thread 0x000001382bc73420 Exception <a 'java/lang/NoSuchMethodError'{0x00000000ef986cd0}: 'java.lang.Object java.lang.invoke.DirectMethodHandle$Holder.invokeStatic(java.lang.Object, java.lang.Object, java.lang.Object, java.lang.Object, java.lang.Object, java.lang.Object, java.lang.Object, java.lang.Object, java.lang.Object, java.lang.Object, java.lang.Object, java.lang.Object, java.lang.Object, java.lang.Object, java.lang.Object, java.lang.Object, java.lang.Object, java.lang.Object, java.lang.Object, java.lang.Object, java.lang.Obj

Events (20 events):
Event: 8.082 loading class sun/reflect/MagicAccessorImpl done
Event: 8.144 loading class jdk/internal/reflect/UnsafeObjectFieldAccessorImpl
Event: 8.146 loading class jdk/internal/reflect/UnsafeObjectFieldAccessorImpl done
Event: 8.236 Thread 0x000001382d2f7380 Thread added: 0x000001382d2f7380
Event: 8.380 loading class java/lang/invoke/BoundMethodHandle$Species_LLLLLLLLLLLLLL
Event: 8.380 loading class java/lang/invoke/BoundMethodHandle$Species_LLLLLLLLLLLLLL done
Event: 8.386 loading class java/lang/invoke/BoundMethodHandle$Species_LLLLLLLLLLLLLLL
Event: 8.386 loading class java/lang/invoke/BoundMethodHandle$Species_LLLLLLLLLLLLLLL done
Event: 8.391 loading class java/lang/invoke/BoundMethodHandle$Species_LLLLLLLLLLLLLLLL
Event: 8.391 loading class java/lang/invoke/BoundMethodHandle$Species_LLLLLLLLLLLLLLLL done
Event: 8.396 loading class java/lang/invoke/BoundMethodHandle$Species_LLLLLLLLLLLLLLLLL
Event: 8.396 loading class java/lang/invoke/BoundMethodHandle$Species_LLLLLLLLLLLLLLLLL done
Event: 8.399 loading class java/lang/invoke/BoundMethodHandle$Species_LLLLLLLLLLLLLLLLLL
Event: 8.399 loading class java/lang/invoke/BoundMethodHandle$Species_LLLLLLLLLLLLLLLLLL done
Event: 8.403 loading class java/lang/invoke/BoundMethodHandle$Species_LLLLLLLLLLLLLLLLLLL
Event: 8.403 loading class java/lang/invoke/BoundMethodHandle$Species_LLLLLLLLLLLLLLLLLLL done
Event: 8.406 loading class java/lang/invoke/BoundMethodHandle$Species_LLLLLLLLLLLLLLLLLLLL
Event: 8.406 loading class java/lang/invoke/BoundMethodHandle$Species_LLLLLLLLLLLLLLLLLLLL done
Event: 8.409 loading class java/lang/invoke/BoundMethodHandle$Species_LLLLLLLLLLLLLLLLLLLLL
Event: 8.409 loading class java/lang/invoke/BoundMethodHandle$Species_LLLLLLLLLLLLLLLLLLLLL done


Dynamic libraries:
0x00007ff669240000 - 0x00007ff669250000 	C:\Program Files\Java\jdk-16\bin\java.exe
0x00007ffc40db0000 - 0x00007ffc40fa8000 	C:\WINDOWS\SYSTEM32\ntdll.dll
0x00007ffc40c00000 - 0x00007ffc40cbf000 	C:\WINDOWS\System32\KERNEL32.DLL
0x00007ffc3e6b0000 - 0x00007ffc3e9a6000 	C:\WINDOWS\System32\KERNELBASE.dll
0x00007ffc3ed10000 - 0x00007ffc3ee10000 	C:\WINDOWS\System32\ucrtbase.dll
0x00007ffc37f10000 - 0x00007ffc37f29000 	C:\Program Files\Java\jdk-16\bin\VCRUNTIME140.dll
0x00007ffc17f20000 - 0x00007ffc17f38000 	C:\Program Files\Java\jdk-16\bin\jli.dll
0x00007ffc40390000 - 0x00007ffc4043f000 	C:\WINDOWS\System32\ADVAPI32.dll
0x00007ffc3f2e0000 - 0x00007ffc3f37e000 	C:\WINDOWS\System32\msvcrt.dll
0x00007ffc3f240000 - 0x00007ffc3f2dc000 	C:\WINDOWS\System32\sechost.dll
0x00007ffc3f460000 - 0x00007ffc3f586000 	C:\WINDOWS\System32\RPCRT4.dll
0x00007ffc401f0000 - 0x00007ffc4038d000 	C:\WINDOWS\System32\USER32.dll
0x00007ffc26020000 - 0x00007ffc262ba000 	C:\WINDOWS\WinSxS\amd64_microsoft.windows.common-controls_6595b64144ccf1df_6.0.19041.1110_none_60b5254171f9507e\COMCTL32.dll
0x00007ffc3e490000 - 0x00007ffc3e4b2000 	C:\WINDOWS\System32\win32u.dll
0x00007ffc40cc0000 - 0x00007ffc40cec000 	C:\WINDOWS\System32\GDI32.dll
0x00007ffc3e4f0000 - 0x00007ffc3e605000 	C:\WINDOWS\System32\gdi32full.dll
0x00007ffc3e610000 - 0x00007ffc3e6ad000 	C:\WINDOWS\System32\msvcp_win.dll
0x00007ffc36440000 - 0x00007ffc3644a000 	C:\WINDOWS\SYSTEM32\VERSION.dll
0x00007ffc40a20000 - 0x00007ffc40a50000 	C:\WINDOWS\System32\IMM32.DLL
0x00007ffc38040000 - 0x00007ffc3804c000 	C:\Program Files\Java\jdk-16\bin\vcruntime140_1.dll
0x00007ffbfb2e0000 - 0x00007ffbfb371000 	C:\Program Files\Java\jdk-16\bin\msvcp140.dll
0x00007ffbc3ca0000 - 0x00007ffbc484b000 	C:\Program Files\Java\jdk-16\bin\server\jvm.dll
0x00007ffc3f720000 - 0x00007ffc3f728000 	C:\WINDOWS\System32\PSAPI.DLL
0x00007ffc1cc00000 - 0x00007ffc1cc09000 	C:\WINDOWS\SYSTEM32\WSOCK32.dll
0x00007ffc1d480000 - 0x00007ffc1d4a7000 	C:\WINDOWS\SYSTEM32\WINMM.dll
0x00007ffc3f590000 - 0x00007ffc3f5fb000 	C:\WINDOWS\System32\WS2_32.dll
0x00007ffc3ccd0000 - 0x00007ffc3cce2000 	C:\WINDOWS\SYSTEM32\kernel.appcore.dll
0x00007ffc370d0000 - 0x00007ffc370da000 	C:\Program Files\Java\jdk-16\bin\jimage.dll
0x00007ffc3c9f0000 - 0x00007ffc3cbd4000 	C:\WINDOWS\SYSTEM32\DBGHELP.DLL
0x00007ffc27920000 - 0x00007ffc27954000 	C:\WINDOWS\SYSTEM32\dbgcore.DLL
0x00007ffc3ec80000 - 0x00007ffc3ed02000 	C:\WINDOWS\System32\bcryptPrimitives.dll
0x00007ffc36ed0000 - 0x00007ffc36ede000 	C:\Program Files\Java\jdk-16\bin\instrument.dll
0x00007ffbfd1a0000 - 0x00007ffbfd1c5000 	C:\Program Files\Java\jdk-16\bin\java.dll
0x00007ffc3faa0000 - 0x00007ffc401e4000 	C:\WINDOWS\System32\SHELL32.dll
0x00007ffc3c180000 - 0x00007ffc3c914000 	C:\WINDOWS\SYSTEM32\windows.storage.dll
0x00007ffc3eee0000 - 0x00007ffc3f234000 	C:\WINDOWS\System32\combase.dll
0x00007ffc3de00000 - 0x00007ffc3de2e000 	C:\WINDOWS\SYSTEM32\Wldp.dll
0x00007ffc40440000 - 0x00007ffc404ed000 	C:\WINDOWS\System32\SHCORE.dll
0x00007ffc3f7e0000 - 0x00007ffc3f835000 	C:\WINDOWS\System32\shlwapi.dll
0x00007ffc3e3c0000 - 0x00007ffc3e3e5000 	C:\WINDOWS\SYSTEM32\profapi.dll
0x00007ffc17db0000 - 0x00007ffc17dc8000 	C:\Program Files\Java\jdk-16\bin\zip.dll
0x00007ffc17c90000 - 0x00007ffc17ca9000 	C:\Program Files\Java\jdk-16\bin\net.dll
0x00007ffc2c920000 - 0x00007ffc2ca2a000 	C:\WINDOWS\SYSTEM32\WINHTTP.dll
0x00007ffc3db60000 - 0x00007ffc3dbca000 	C:\WINDOWS\system32\mswsock.dll
0x00007ffc0f110000 - 0x00007ffc0f123000 	C:\Program Files\Java\jdk-16\bin\nio.dll
0x00007ffc24730000 - 0x00007ffc24740000 	C:\Program Files\Java\jdk-16\bin\verify.dll
0x00007ffbfd1d0000 - 0x00007ffbfd1f7000 	C:\Users\rsssa\.gradle\native\68d5fa5c4cc2d200863cafc0d521ce42e7d3e7ee720ec0a83991735586a16f82\windows-amd64\native-platform.dll
0x00007ffbf9d90000 - 0x00007ffbf9ed4000 	C:\Users\rsssa\.gradle\native\e376f236ea51e6404a007f0833ffe2c6e607c4080706a723a18a27aeea778392\windows-amd64\native-platform-file-events.dll
0x00007ffc1ef60000 - 0x00007ffc1ef69000 	C:\Program Files\Java\jdk-16\bin\management.dll
0x00007ffc1ecf0000 - 0x00007ffc1ecfb000 	C:\Program Files\Java\jdk-16\bin\management_ext.dll
0x00007ffc3dd50000 - 0x00007ffc3dd68000 	C:\WINDOWS\SYSTEM32\CRYPTSP.dll
0x00007ffc3d480000 - 0x00007ffc3d4b4000 	C:\WINDOWS\system32\rsaenh.dll
0x00007ffc3e4c0000 - 0x00007ffc3e4e7000 	C:\WINDOWS\System32\bcrypt.dll
0x00007ffc3e380000 - 0x00007ffc3e3ae000 	C:\WINDOWS\SYSTEM32\USERENV.dll
0x00007ffc3dd70000 - 0x00007ffc3dd7c000 	C:\WINDOWS\SYSTEM32\CRYPTBASE.dll
0x00007ffc3d850000 - 0x00007ffc3d88c000 	C:\WINDOWS\SYSTEM32\IPHLPAPI.DLL
0x00007ffc3f930000 - 0x00007ffc3f938000 	C:\WINDOWS\System32\NSI.dll
0x00007ffc2f5e0000 - 0x00007ffc2f5f7000 	C:\WINDOWS\SYSTEM32\dhcpcsvc6.DLL
0x00007ffc2fb20000 - 0x00007ffc2fb3d000 	C:\WINDOWS\SYSTEM32\dhcpcsvc.DLL
0x00007ffc3d890000 - 0x00007ffc3d95a000 	C:\WINDOWS\SYSTEM32\DNSAPI.dll
0x00007ffc17e70000 - 0x00007ffc17e7e000 	C:\Program Files\Java\jdk-16\bin\sunmscapi.dll
0x00007ffc3eb20000 - 0x00007ffc3ec7e000 	C:\WINDOWS\System32\CRYPT32.dll
0x00007ffc3de70000 - 0x00007ffc3de98000 	C:\WINDOWS\SYSTEM32\ncrypt.dll
0x00007ffc3de30000 - 0x00007ffc3de6b000 	C:\WINDOWS\SYSTEM32\NTASN1.dll
0x00007ffc1e960000 - 0x00007ffc1e967000 	C:\WINDOWS\system32\wshunix.dll

dbghelp: loaded successfully - version: 4.0.5 - missing functions: none
symbol engine: initialized successfully - sym options: 0x614 - pdb path: .;C:\Program Files\Java\jdk-16\bin;C:\WINDOWS\SYSTEM32;C:\WINDOWS\WinSxS\amd64_microsoft.windows.common-controls_6595b64144ccf1df_6.0.19041.1110_none_60b5254171f9507e;C:\Program Files\Java\jdk-16\bin\server;C:\Users\rsssa\.gradle\native\68d5fa5c4cc2d200863cafc0d521ce42e7d3e7ee720ec0a83991735586a16f82\windows-amd64;C:\Users\rsssa\.gradle\native\e376f236ea51e6404a007f0833ffe2c6e607c4080706a723a18a27aeea778392\windows-amd64

VM Arguments:
jvm_args: --add-opens=java.base/java.util=ALL-UNNAMED --add-opens=java.base/java.lang=ALL-UNNAMED --add-opens=java.base/java.lang.invoke=ALL-UNNAMED --add-opens=java.prefs/java.util.prefs=ALL-UNNAMED --add-opens=java.base/java.nio.charset=ALL-UNNAMED --add-opens=java.base/java.net=ALL-UNNAMED --add-opens=java.base/java.util.concurrent.atomic=ALL-UNNAMED -XX:MaxMetaspaceSize=384m -XX:+HeapDumpOnOutOfMemoryError -Xms256m -Xmx512m -Dfile.encoding=windows-1252 -Duser.country=IN -Duser.language=en -Duser.variant -javaagent:C:\gradle-8.1\lib\agents\gradle-instrumentation-agent-8.1.jar 
java_command: org.gradle.launcher.daemon.bootstrap.GradleDaemon 8.1
java_class_path (initial): C:\gradle-8.1\lib\gradle-launcher-8.1.jar
Launcher Type: SUN_STANDARD

[Global flags]
     intx CICompilerCount                          = 3                                         {product} {ergonomic}
   size_t CompressedClassSpaceSize                 = 322961408                                 {product} {ergonomic}
     uint ConcGCThreads                            = 1                                         {product} {ergonomic}
     uint G1ConcRefinementThreads                  = 4                                         {product} {ergonomic}
   size_t G1HeapRegionSize                         = 1048576                                   {product} {ergonomic}
    uintx GCDrainStackTargetSize                   = 64                                        {product} {ergonomic}
     bool HeapDumpOnOutOfMemoryError               = true                                   {manageable} {command line}
   size_t InitialHeapSize                          = 268435456                                 {product} {command line}
   size_t MarkStackSize                            = 4194304                                   {product} {ergonomic}
   size_t MaxHeapSize                              = 536870912                                 {product} {command line}
   size_t MaxMetaspaceSize                         = 402653184                                 {product} {command line}
   size_t MaxNewSize                               = 321912832                                 {product} {ergonomic}
   size_t MinHeapDeltaBytes                        = 1048576                                   {product} {ergonomic}
   size_t MinHeapSize                              = 268435456                                 {product} {command line}
    uintx NonNMethodCodeHeapSize                   = 5832780                                {pd product} {ergonomic}
    uintx NonProfiledCodeHeapSize                  = 122912730                              {pd product} {ergonomic}
    uintx ProfiledCodeHeapSize                     = 122912730                              {pd product} {ergonomic}
    uintx ReservedCodeCacheSize                    = 251658240                              {pd product} {ergonomic}
     bool SegmentedCodeCache                       = true                                      {product} {ergonomic}
   size_t SoftMaxHeapSize                          = 536870912                              {manageable} {ergonomic}
     bool UseCompressedClassPointers               = true                           {product lp64_product} {ergonomic}
     bool UseCompressedOops                        = true                           {product lp64_product} {ergonomic}
     bool UseG1GC                                  = true                                      {product} {ergonomic}
     bool UseLargePagesIndividualAllocation        = false                                  {pd product} {ergonomic}

Logging:
Log output configuration:
 #0: stdout all=warning uptime,level,tags
 #1: stderr all=off uptime,level,tags

Environment Variables:
JAVA_HOME=C:\Program Files\Java\jdk-16
CLASSPATH=C:\gradle-8.1\lib\gradle-launcher-8.1.jar
PATH=C:\OracleXE\21c\dbhomeXE\bin;C:\Python310\Scripts\;C:\Python310\;C:\Program Files\Common Files\Oracle\Java\javapath;C:\Program Files (x86)\Common Files\Oracle\Java\javapath;C:\WINDOWS\system32;C:\WINDOWS;C:\WINDOWS\System32\Wbem;C:\WINDOWS\System32\WindowsPowerShell\v1.0\;C:\WINDOWS\System32\OpenSSH\;C:\TDM-GCC-64\bin;C:\Program Files (x86)\Brackets\command;C:\Program Files\Git\cmd;C:\ProgramData\chocolatey\bin;C:\Program Files\nodejs\;C:\Program Files\dotnet\;C:\Program Files\Java\jdk-16\bin;C:\gradle-8.1\bin;C:\Program Files\MySQL\MySQL Shell 8.0\bin\;C:\Users\rsssa\AppData\Local\Microsoft\WindowsApps;C:\Program Files\JetBrains\PyCharm Community Edition 2020.1.2\bin;;C:\Users\rsssa\AppData\Local\GitHubDesktop\bin;C:\Users\rsssa\AppData\Roaming\npm;C:\Users\rsssa\.dotnet\tools;C:\Users\rsssa\AppData\Local\Programs\Microsoft VS Code\bin;C:\gradle-8.1\bin;
USERNAME=rsssa
OS=Windows_NT
PROCESSOR_IDENTIFIER=Intel64 Family 6 Model 142 Stepping 9, GenuineIntel



---------------  S Y S T E M  ---------------

OS:
 Windows 10 , 64 bit Build 19041 (10.0.19041.3155)
OS uptime: 4 days 6:05 hours

CPU: total 4 (initial active 4) (2 cores per cpu, 2 threads per core) family 6 model 142 stepping 9 microcode 0xea, cx8, cmov, fxsr, ht, mmx, 3dnowpref, sse, sse2, sse3, ssse3, sse4.1, sse4.2, popcnt, lzcnt, tsc, tscinvbit, avx, avx2, aes, erms, clmul, bmi1, bmi2, adx, fma, vzeroupper, clflush, clflushopt

Memory: 4k page, system-wide physical 4007M (323M free)
TotalPageFile size 16295M (AvailPageFile size 1M)
current process WorkingSet (physical memory assigned to process): 287M, peak: 287M
current process commit charge ("private bytes"): 427M, peak: 427M

vm_info: Java HotSpot(TM) 64-Bit Server VM (16+36-2231) for windows-amd64 JRE (16+36-2231), built on Feb  8 2021 11:43:10 by "mach5one" with MS VC++ 16.7 (VS2019)

END.
