#
# There is insufficient memory for the Java Runtime Environment to continue.
# Native memory allocation (mmap) failed to map 67108864 bytes for G1 virtual space
# Possible reasons:
#   The system is out of physical RAM or swap space
#   The process is running with CompressedOops enabled, and the Java Heap may be blocking the growth of the native heap
# Possible solutions:
#   Reduce memory load on the system
#   Increase physical memory or swap space
#   Check if swap backing store is full
#   Decrease Java heap size (-Xmx/-Xms)
#   Decrease number of Java threads
#   Decrease Java thread stack sizes (-Xss)
#   Set larger code cache with -XX:ReservedCodeCacheSize=
#   JVM is running with Unscaled Compressed Oops mode in which the Java heap is
#     placed in the first 4GB address space. The Java Heap base address is the
#     maximum limit for the native heap growth. Please use -XX:HeapBaseMinAddress
#     to set the Java Heap base and to place the Java Heap above 4GB virtual address.
# This output file may be truncated or incomplete.
#
#  Out of Memory Error (os_windows.cpp:3466), pid=11404, tid=13148
#
# JRE version:  (16.0+36) (build )
# Java VM: Java HotSpot(TM) 64-Bit Server VM (16+36-2231, mixed mode, sharing, tiered, compressed oops, g1 gc, windows-amd64)
# No core dump will be written. Minidumps are not enabled by default on client versions of Windows
#

---------------  S U M M A R Y ------------

Command Line: -Xmx64m -Xms64m -javaagent:C:\gradle-8.1/lib/agents/gradle-instrumentation-agent-8.1.jar -Dorg.gradle.appname=gradle org.gradle.launcher.GradleMain build

Host: Intel(R) Core(TM) i3-7020U CPU @ 2.30GHz, 4 cores, 3G,  Windows 10 , 64 bit Build 19041 (10.0.19041.2788)
Time: Mon Apr 24 14:37:17 2023 India Standard Time elapsed time: 0.042135 seconds (0d 0h 0m 0s)

---------------  T H R E A D  ---------------

Current thread (0x00000223a9bac2a0):  JavaThread "Unknown thread" [_thread_in_vm, id=13148, stack(0x000000debea00000,0x000000debeb00000)]

Stack: [0x000000debea00000,0x000000debeb00000]
Native frames: (J=compiled Java code, j=interpreted, Vv=VM code, C=native code)
V  [jvm.dll+0x6681da]
V  [jvm.dll+0x7c9d99]
V  [jvm.dll+0x7cb4d3]
V  [jvm.dll+0x7cbb33]
V  [jvm.dll+0x242ee5]
V  [jvm.dll+0x664f99]
V  [jvm.dll+0x659b85]
V  [jvm.dll+0x2fbfcb]
V  [jvm.dll+0x3031c6]
V  [jvm.dll+0x352a0e]
V  [jvm.dll+0x352c3f]
V  [jvm.dll+0x2d3038]
V  [jvm.dll+0x2d4274]
V  [jvm.dll+0x79c691]
V  [jvm.dll+0x3607b1]
V  [jvm.dll+0x77a370]
V  [jvm.dll+0x3e501f]
V  [jvm.dll+0x3e6af1]
C  [jli.dll+0x52fb]
C  [ucrtbase.dll+0x21bb2]
C  [KERNEL32.DLL+0x17604]
C  [ntdll.dll+0x526a1]


---------------  P R O C E S S  ---------------

Threads class SMR info:
_java_thread_list=0x00007ffe485ecbb8, length=0, elements={
}

Java Threads: ( => current thread )

Other Threads:
  0x00000223a9bcc8a0 GCTaskThread "GC Thread#0" [stack: 0x000000debeb00000,0x000000debec00000] [id=16356]
  0x00000223a9bce1e0 ConcurrentGCThread "G1 Main Marker" [stack: 0x000000debec00000,0x000000debed00000] [id=5868]
  0x00000223a9bcf470 ConcurrentGCThread "G1 Conc#0" [stack: 0x000000debed00000,0x000000debee00000] [id=14032]

[error occurred during error reporting (printing all threads), id 0xc0000005, EXCEPTION_ACCESS_VIOLATION (0xc0000005) at pc=0x00007ffe47dc3ef7]

VM state: not at safepoint (not fully initialized)

VM Mutex/Monitor currently owned by a thread:  ([mutex/lock_event])
[0x00000223a9baa130] Heap_lock - owner thread: 0x00000223a9bac2a0

Heap address: 0x00000000fc000000, size: 64 MB, Compressed Oops mode: 32-bit
CDS archive(s) mapped at: [0x0000000000000000-0x0000000000000000-0x0000000000000000), size 0, SharedBaseAddress: 0x0000000800000000, ArchiveRelocationMode: 0.
Narrow klass base: 0x0000000000000000, Narrow klass shift: 0, Narrow klass range: 0x0

GC Precious Log:
<Empty>

Heap:
 garbage-first heap   total 0K, used 0K [0x00000000fc000000, 0x0000000100000000)
  region size 1024K, 0 young (0K), 0 survivors (0K)

[error occurred during error reporting (printing heap information), id 0xc0000005, EXCEPTION_ACCESS_VIOLATION (0xc0000005) at pc=0x00007ffe481a1edd]

GC Heap History (0 events):
No events

Deoptimization events (0 events):
No events

Classes unloaded (0 events):
No events

Classes redefined (0 events):
No events

Internal exceptions (0 events):
No events

Events (1 events):
Event: 0.016 Loaded shared library C:\Program Files\Java\jdk-16\bin\java.dll


Dynamic libraries:
0x00007ff71eed0000 - 0x00007ff71eee0000 	C:\Program Files\Java\jdk-16\bin\java.exe
0x00007ffec3a50000 - 0x00007ffec3c48000 	C:\WINDOWS\SYSTEM32\ntdll.dll
0x00007ffec3330000 - 0x00007ffec33ef000 	C:\WINDOWS\System32\KERNEL32.DLL
0x00007ffec1540000 - 0x00007ffec181a000 	C:\WINDOWS\System32\KERNELBASE.dll
0x00007ffec19b0000 - 0x00007ffec1ab0000 	C:\WINDOWS\System32\ucrtbase.dll
0x00007ffeb2b30000 - 0x00007ffeb2b49000 	C:\Program Files\Java\jdk-16\bin\VCRUNTIME140.dll
0x00007ffeb23b0000 - 0x00007ffeb23c8000 	C:\Program Files\Java\jdk-16\bin\jli.dll
0x00007ffec2b80000 - 0x00007ffec2c2e000 	C:\WINDOWS\System32\ADVAPI32.dll
0x00007ffec3290000 - 0x00007ffec332e000 	C:\WINDOWS\System32\msvcrt.dll
0x00007ffec1cb0000 - 0x00007ffec1d4c000 	C:\WINDOWS\System32\sechost.dll
0x00007ffec20e0000 - 0x00007ffec2206000 	C:\WINDOWS\System32\RPCRT4.dll
0x00007ffec3660000 - 0x00007ffec37fd000 	C:\WINDOWS\System32\USER32.dll
0x00007ffe9a850000 - 0x00007ffe9aaea000 	C:\WINDOWS\WinSxS\amd64_microsoft.windows.common-controls_6595b64144ccf1df_6.0.19041.1110_none_60b5254171f9507e\COMCTL32.dll
0x00007ffec1820000 - 0x00007ffec1842000 	C:\WINDOWS\System32\win32u.dll
0x00007ffec1d50000 - 0x00007ffec1d7b000 	C:\WINDOWS\System32\GDI32.dll
0x00007ffec1160000 - 0x00007ffec1270000 	C:\WINDOWS\System32\gdi32full.dll
0x00007ffec1410000 - 0x00007ffec14ad000 	C:\WINDOWS\System32\msvcp_win.dll
0x00007ffebaac0000 - 0x00007ffebaaca000 	C:\WINDOWS\SYSTEM32\VERSION.dll
0x00007ffec3630000 - 0x00007ffec3660000 	C:\WINDOWS\System32\IMM32.DLL
0x00007ffebbd10000 - 0x00007ffebbd1c000 	C:\Program Files\Java\jdk-16\bin\vcruntime140_1.dll
0x00007ffe858b0000 - 0x00007ffe85941000 	C:\Program Files\Java\jdk-16\bin\msvcp140.dll
0x00007ffe47ae0000 - 0x00007ffe4868b000 	C:\Program Files\Java\jdk-16\bin\server\jvm.dll
0x00007ffec2210000 - 0x00007ffec2218000 	C:\WINDOWS\System32\PSAPI.DLL
0x00007ffea4b30000 - 0x00007ffea4b57000 	C:\WINDOWS\SYSTEM32\WINMM.dll
0x00007ffea5400000 - 0x00007ffea5409000 	C:\WINDOWS\SYSTEM32\WSOCK32.dll
0x00007ffec35c0000 - 0x00007ffec362b000 	C:\WINDOWS\System32\WS2_32.dll
0x00007ffebf9b0000 - 0x00007ffebf9c2000 	C:\WINDOWS\SYSTEM32\kernel.appcore.dll
0x00007ffebbce0000 - 0x00007ffebbcea000 	C:\Program Files\Java\jdk-16\bin\jimage.dll
0x00007ffebf6d0000 - 0x00007ffebf8b4000 	C:\WINDOWS\SYSTEM32\DBGHELP.DLL
0x00007ffeb2af0000 - 0x00007ffeb2b24000 	C:\WINDOWS\SYSTEM32\dbgcore.DLL
0x00007ffec14b0000 - 0x00007ffec1532000 	C:\WINDOWS\System32\bcryptPrimitives.dll
0x00007ffebafe0000 - 0x00007ffebafee000 	C:\Program Files\Java\jdk-16\bin\instrument.dll
0x00007ffea7140000 - 0x00007ffea7165000 	C:\Program Files\Java\jdk-16\bin\java.dll

dbghelp: loaded successfully - version: 4.0.5 - missing functions: none
symbol engine: initialized successfully - sym options: 0x614 - pdb path: .;C:\Program Files\Java\jdk-16\bin;C:\WINDOWS\SYSTEM32;C:\WINDOWS\WinSxS\amd64_microsoft.windows.common-controls_6595b64144ccf1df_6.0.19041.1110_none_60b5254171f9507e;C:\Program Files\Java\jdk-16\bin\server

VM Arguments:
jvm_args: -Xmx64m -Xms64m -javaagent:C:\gradle-8.1/lib/agents/gradle-instrumentation-agent-8.1.jar -Dorg.gradle.appname=gradle 
java_command: org.gradle.launcher.GradleMain build
java_class_path (initial): C:\gradle-8.1\lib\gradle-launcher-8.1.jar
Launcher Type: SUN_STANDARD

[Global flags]
     intx CICompilerCount                          = 3                                         {product} {ergonomic}
     uint ConcGCThreads                            = 1                                         {product} {ergonomic}
     uint G1ConcRefinementThreads                  = 4                                         {product} {ergonomic}
   size_t G1HeapRegionSize                         = 1048576                                   {product} {ergonomic}
    uintx GCDrainStackTargetSize                   = 64                                        {product} {ergonomic}
   size_t InitialHeapSize                          = 67108864                                  {product} {command line}
   size_t MarkStackSize                            = 4194304                                   {product} {ergonomic}
   size_t MaxHeapSize                              = 67108864                                  {product} {command line}
   size_t MinHeapDeltaBytes                        = 1048576                                   {product} {ergonomic}
   size_t MinHeapSize                              = 67108864                                  {product} {command line}
    uintx NonNMethodCodeHeapSize                   = 5832780                                {pd product} {ergonomic}
    uintx NonProfiledCodeHeapSize                  = 122912730                              {pd product} {ergonomic}
    uintx ProfiledCodeHeapSize                     = 122912730                              {pd product} {ergonomic}
    uintx ReservedCodeCacheSize                    = 251658240                              {pd product} {ergonomic}
     bool SegmentedCodeCache                       = true                                      {product} {ergonomic}
   size_t SoftMaxHeapSize                          = 67108864                               {manageable} {ergonomic}
     bool UseCompressedClassPointers               = true                           {product lp64_product} {ergonomic}
     bool UseCompressedOops                        = true                           {product lp64_product} {ergonomic}
     bool UseG1GC                                  = true                                      {product} {ergonomic}
     bool UseLargePagesIndividualAllocation        = false                                  {pd product} {ergonomic}

Logging:
Log output configuration:
 #0: stdout all=warning uptime,level,tags
 #1: stderr all=off uptime,level,tags

Environment Variables:
JAVA_HOME=C:\Program Files\Java\jdk-16
CLASSPATH=C:\gradle-8.1\lib\gradle-launcher-8.1.jar
PATH=C:\OracleXE\21c\dbhomeXE\bin;C:\Python310\Scripts\;C:\Python310\;C:\Program Files\Common Files\Oracle\Java\javapath;C:\Program Files (x86)\Common Files\Oracle\Java\javapath;C:\WINDOWS\system32;C:\WINDOWS;C:\WINDOWS\System32\Wbem;C:\WINDOWS\System32\WindowsPowerShell\v1.0\;C:\WINDOWS\System32\OpenSSH\;C:\TDM-GCC-64\bin;C:\Program Files (x86)\Brackets\command;C:\Program Files\Git\cmd;C:\ProgramData\chocolatey\bin;C:\Program Files\nodejs\;C:\Program Files\dotnet\;C:\Program Files\Java\jdk-16\bin;C:\gradle-8.1\bin;C:\Program Files\MySQL\MySQL Shell 8.0\bin\;C:\Users\rsssa\AppData\Local\Microsoft\WindowsApps;C:\Program Files\JetBrains\PyCharm Community Edition 2020.1.2\bin;;C:\Users\rsssa\AppData\Local\GitHubDesktop\bin;C:\Users\rsssa\AppData\Roaming\npm;C:\Users\rsssa\.dotnet\tools;C:\Users\rsssa\AppData\Local\Programs\Microsoft VS Code\bin;C:\gradle-8.1\bin;
USERNAME=rsssa
OS=Windows_NT
PROCESSOR_IDENTIFIER=Intel64 Family 6 Model 142 Stepping 9, GenuineIntel



---------------  S Y S T E M  ---------------

OS:
 Windows 10 , 64 bit Build 19041 (10.0.19041.2788)
OS uptime: 10 days 13:52 hours

CPU: total 4 (initial active 4) (2 cores per cpu, 2 threads per core) family 6 model 142 stepping 9 microcode 0xea, cx8, cmov, fxsr, ht, mmx, 3dnowpref, sse, sse2, sse3, ssse3, sse4.1, sse4.2, popcnt, lzcnt, tsc, tscinvbit, avx, avx2, aes, erms, clmul, bmi1, bmi2, adx, fma, vzeroupper, clflush, clflushopt

Memory: 4k page, system-wide physical 4007M (317M free)
TotalPageFile size 16295M (AvailPageFile size 26M)
current process WorkingSet (physical memory assigned to process): 10M, peak: 10M
current process commit charge ("private bytes"): 51M, peak: 115M

vm_info: Java HotSpot(TM) 64-Bit Server VM (16+36-2231) for windows-amd64 JRE (16+36-2231), built on Feb  8 2021 11:43:10 by "mach5one" with MS VC++ 16.7 (VS2019)

END.
